GROUP,PACKAGE,CLASS,INSTRUCTION_MISSED,INSTRUCTION_COVERED,BRANCH_MISSED,BRANCH_COVERED,LINE_MISSED,LINE_COVERED,COMPLEXITY_MISSED,COMPLEXITY_COVERED,METHOD_MISSED,METHOD_COVERED
JaCoCo Coverage Report,ChatGPT.Dijkstra.BookExampleCode.T10,Dijkstra.Node,0,12,0,0,0,4,0,1,0,1
JaCoCo Coverage Report,ChatGPT.Dijkstra.BookExampleCode.T10,Dijkstra.Edge,0,12,0,0,0,5,0,1,0,1
JaCoCo Coverage Report,ChatGPT.Dijkstra.BookExampleCode.T10,DijkstraTest,122,234,0,0,18,10,0,4,0,4
JaCoCo Coverage Report,ChatGPT.Dijkstra.BookExampleCode.T10,Dijkstra,4,251,2,24,2,42,2,15,0,4
JaCoCo Coverage Report,ChatGPT.Kruskal.PromptOnly.T10,Kruskal.Edge,8,12,0,0,1,5,1,1,1,1
JaCoCo Coverage Report,ChatGPT.Kruskal.PromptOnly.T10,Kruskal,3,56,0,4,1,14,1,4,1,2
JaCoCo Coverage Report,ChatGPT.Kruskal.PromptOnly.T10,Kruskal.DisjointSet,0,62,0,4,0,12,0,6,0,4
JaCoCo Coverage Report,ChatGPT.Kruskal.PromptOnly.T10,KruskalTest,0,174,0,0,0,7,0,3,0,3
JaCoCo Coverage Report,ChatGPT.BreadthFirstSearch.BookExampleCode.T2,GraphTest,8,140,0,0,4,17,0,5,0,5
JaCoCo Coverage Report,ChatGPT.BreadthFirstSearch.BookExampleCode.T2,Graph,0,118,0,10,0,25,0,8,0,3
JaCoCo Coverage Report,ChatGPT.BreadthFirstSearch.BookExampleCode.T3,GraphTest,8,140,0,0,4,17,0,5,0,5
JaCoCo Coverage Report,ChatGPT.BreadthFirstSearch.BookExampleCode.T3,Graph,0,118,0,10,0,25,0,8,0,3
JaCoCo Coverage Report,Copilot.BellmanFord.AIGenerated.T10,BellmanFord.Edge,0,12,0,0,0,5,0,1,0,1
JaCoCo Coverage Report,Copilot.BellmanFord.AIGenerated.T10,BellmanFord,3,112,0,16,1,16,1,9,1,1
JaCoCo Coverage Report,Copilot.BellmanFord.AIGenerated.T10,BellmanFordTest,65,188,0,0,9,8,0,4,0,4
JaCoCo Coverage Report,ChatGPT.BreadthFirstSearch.BookExampleCode.T1,GraphTest,8,187,0,0,4,30,0,4,0,4
JaCoCo Coverage Report,ChatGPT.BreadthFirstSearch.BookExampleCode.T1,Graph,0,118,0,10,0,25,0,8,0,3
JaCoCo Coverage Report,Copilot.Knapsack.AIGenerated.T4,KnapsackTest,0,138,0,0,0,19,0,4,0,4
JaCoCo Coverage Report,Copilot.Knapsack.AIGenerated.T4,Knapsack,0,97,0,10,0,10,0,7,0,2
JaCoCo Coverage Report,ChatGPT.BreadthFirstSearch.BookExampleCode.T6,Graph,0,118,0,10,0,25,0,8,0,3
JaCoCo Coverage Report,ChatGPT.BreadthFirstSearch.BookExampleCode.T6,GraphTest,0,187,0,0,0,32,0,4,0,4
JaCoCo Coverage Report,ChatGPT.BreadthFirstSearch.BookExampleCode.T7,Graph,0,118,0,10,0,25,0,8,0,3
JaCoCo Coverage Report,ChatGPT.BreadthFirstSearch.BookExampleCode.T7,GraphTest,8,140,0,0,4,17,0,5,0,5
JaCoCo Coverage Report,Copilot.Knapsack.AIGenerated.T5,KnapsackTest,0,48,0,0,0,7,0,2,0,2
JaCoCo Coverage Report,Copilot.Knapsack.AIGenerated.T5,Knapsack,0,97,0,10,0,10,0,7,0,2
JaCoCo Coverage Report,ChatGPT.BreadthFirstSearch.BookExampleCode.T4,Graph,0,118,0,10,0,25,0,8,0,3
JaCoCo Coverage Report,ChatGPT.BreadthFirstSearch.BookExampleCode.T4,GraphTest,8,140,0,0,4,17,0,5,0,5
JaCoCo Coverage Report,Copilot.Knapsack.AIGenerated.T6,KnapsackTest,0,56,0,0,0,7,0,2,0,2
JaCoCo Coverage Report,Copilot.Knapsack.AIGenerated.T6,Knapsack,0,97,0,10,0,10,0,7,0,2
JaCoCo Coverage Report,Copilot.Knapsack.AIGenerated.T7,Knapsack,0,97,0,10,0,10,0,7,0,2
JaCoCo Coverage Report,Copilot.Knapsack.AIGenerated.T7,KnapsackTest,0,82,0,0,0,8,0,2,0,2
JaCoCo Coverage Report,ChatGPT.BreadthFirstSearch.BookExampleCode.T5,GraphTest,12,136,0,0,6,15,0,5,0,5
JaCoCo Coverage Report,ChatGPT.BreadthFirstSearch.BookExampleCode.T5,Graph,0,118,0,10,0,25,0,8,0,3
JaCoCo Coverage Report,Copilot.Knapsack.AIGenerated.T1,Knapsack,0,97,0,10,0,10,0,7,0,2
JaCoCo Coverage Report,Copilot.Knapsack.AIGenerated.T1,KnapsackTest,0,53,0,0,0,9,0,2,0,2
JaCoCo Coverage Report,Copilot.Knapsack.AIGenerated.T2,Knapsack,0,97,0,10,0,10,0,7,0,2
JaCoCo Coverage Report,Copilot.Knapsack.AIGenerated.T2,KnapsackTest,17,69,0,0,3,6,0,2,0,2
JaCoCo Coverage Report,ChatGPT.BreadthFirstSearch.BookExampleCode.T8,Graph,0,118,0,10,0,25,0,8,0,3
JaCoCo Coverage Report,ChatGPT.BreadthFirstSearch.BookExampleCode.T8,GraphTest,58,84,0,0,4,14,0,5,0,5
JaCoCo Coverage Report,ChatGPT.BreadthFirstSearch.BookExampleCode.T9,Graph,0,118,0,10,0,25,0,8,0,3
JaCoCo Coverage Report,ChatGPT.BreadthFirstSearch.BookExampleCode.T9,GraphTest,8,140,0,0,4,17,0,5,0,5
JaCoCo Coverage Report,Copilot.BinaryToDecimal.AIGenerated.T10,BinaryToDecimalTest,0,42,0,0,0,13,0,4,0,4
JaCoCo Coverage Report,Copilot.BinaryToDecimal.AIGenerated.T10,BinaryToDecimal,0,9,0,0,0,3,0,2,0,2
JaCoCo Coverage Report,Copilot.Knapsack.AIGenerated.T3,KnapsackTest,0,162,0,0,0,19,0,4,0,4
JaCoCo Coverage Report,Copilot.Knapsack.AIGenerated.T3,Knapsack,0,97,0,10,0,10,0,7,0,2
JaCoCo Coverage Report,Copilot.Knapsack.AIGenerated.T8,Knapsack,0,97,0,10,0,10,0,7,0,2
JaCoCo Coverage Report,Copilot.Knapsack.AIGenerated.T8,KnapsackTest,35,85,0,0,2,5,0,2,0,2
JaCoCo Coverage Report,Copilot.Knapsack.AIGenerated.T9,KnapsackTest,0,138,0,0,0,19,0,4,0,4
JaCoCo Coverage Report,Copilot.Knapsack.AIGenerated.T9,Knapsack,0,97,0,10,0,10,0,7,0,2
JaCoCo Coverage Report,ChatGPT.Knapsack.PromptOnly.T1,Knapsack,0,97,0,10,0,10,0,7,0,2
JaCoCo Coverage Report,ChatGPT.Knapsack.PromptOnly.T1,KnapsackTest,10,150,0,0,4,18,0,4,0,4
JaCoCo Coverage Report,Copilot.BinarySearch.BookExampleCode.T9,BinarySearch,0,45,0,6,0,10,0,5,0,2
JaCoCo Coverage Report,Copilot.BinarySearch.BookExampleCode.T9,BinarySearchTest,0,66,0,0,0,11,0,2,0,2
JaCoCo Coverage Report,ChatGPT.EgyptianFractions.BookExampleCode.T4,EgyptianFractions,0,73,1,5,0,11,1,4,0,2
JaCoCo Coverage Report,ChatGPT.EgyptianFractions.BookExampleCode.T4,EgyptianFractionsTest,16,41,0,0,4,12,0,4,0,4
JaCoCo Coverage Report,Copilot.BinarySearch.BookExampleCode.T8,BinarySearchTest,0,93,0,0,0,14,0,2,0,2
JaCoCo Coverage Report,Copilot.BinarySearch.BookExampleCode.T8,BinarySearch,0,45,0,6,0,10,0,5,0,2
JaCoCo Coverage Report,ChatGPT.EgyptianFractions.BookExampleCode.T5,EgyptianFractionsTest,20,61,0,0,4,13,0,5,0,5
JaCoCo Coverage Report,ChatGPT.EgyptianFractions.BookExampleCode.T5,EgyptianFractions,0,73,0,6,0,11,0,5,0,2
JaCoCo Coverage Report,ChatGPT.EgyptianFractions.BookExampleCode.T2,EgyptianFractionsTest,22,80,0,0,4,18,0,5,0,5
JaCoCo Coverage Report,ChatGPT.EgyptianFractions.BookExampleCode.T2,EgyptianFractions,0,73,0,6,0,11,0,5,0,2
JaCoCo Coverage Report,ChatGPT.Knapsack.PromptOnly.T3,Knapsack,0,97,0,10,0,10,0,7,0,2
JaCoCo Coverage Report,ChatGPT.Knapsack.PromptOnly.T3,KnapsackTest,6,179,0,0,2,23,0,4,0,4
JaCoCo Coverage Report,ChatGPT.MergeSort.PromptOnly.T1,MergeSort,0,99,0,10,0,20,0,9,0,4
JaCoCo Coverage Report,ChatGPT.MergeSort.PromptOnly.T1,MergeSortTest,0,131,0,0,0,18,0,5,0,5
JaCoCo Coverage Report,ChatGPT.Knapsack.PromptOnly.T2,KnapsackTest,0,112,0,0,0,22,0,4,0,4
JaCoCo Coverage Report,ChatGPT.Knapsack.PromptOnly.T2,Knapsack,0,97,0,10,0,10,0,7,0,2
JaCoCo Coverage Report,ChatGPT.EgyptianFractions.BookExampleCode.T3,EgyptianFractions,4,69,2,4,1,10,2,3,0,2
JaCoCo Coverage Report,ChatGPT.EgyptianFractions.BookExampleCode.T3,EgyptianFractionsTest,40,53,0,0,8,10,0,5,0,5
JaCoCo Coverage Report,ChatGPT.Knapsack.PromptOnly.T5,Knapsack,0,97,0,10,0,10,0,7,0,2
JaCoCo Coverage Report,ChatGPT.Knapsack.PromptOnly.T5,KnapsackTest,5,107,0,0,2,20,0,4,0,4
JaCoCo Coverage Report,ChatGPT.EgyptianFractions.BookExampleCode.T1,EgyptianFractionsTest,4,68,0,0,2,13,0,5,0,5
JaCoCo Coverage Report,ChatGPT.EgyptianFractions.BookExampleCode.T1,EgyptianFractions,0,73,0,6,0,11,0,5,0,2
JaCoCo Coverage Report,ChatGPT.Knapsack.PromptOnly.T4,Knapsack,0,97,0,10,0,10,0,7,0,2
JaCoCo Coverage Report,ChatGPT.Knapsack.PromptOnly.T4,KnapsackTest,0,137,0,0,0,25,0,4,0,4
JaCoCo Coverage Report,ChatGPT.Knapsack.PromptOnly.T7,Knapsack,0,97,0,10,0,10,0,7,0,2
JaCoCo Coverage Report,ChatGPT.Knapsack.PromptOnly.T7,KnapsackTest,5,131,0,0,2,20,0,4,0,4
JaCoCo Coverage Report,ChatGPT.Knapsack.PromptOnly.T6,Knapsack,0,97,0,10,0,10,0,7,0,2
JaCoCo Coverage Report,ChatGPT.Knapsack.PromptOnly.T6,KnapsackTest,6,139,0,0,2,23,0,4,0,4
JaCoCo Coverage Report,ChatGPT.Knapsack.PromptOnly.T9,KnapsackTest,15,150,0,0,6,15,0,5,0,5
JaCoCo Coverage Report,ChatGPT.Knapsack.PromptOnly.T9,Knapsack,0,97,0,10,0,10,0,7,0,2
JaCoCo Coverage Report,Copilot.BinarySearch.BookExampleCode.T1,BinarySearch,0,45,0,6,0,10,0,5,0,2
JaCoCo Coverage Report,Copilot.BinarySearch.BookExampleCode.T1,BinarySearchTest,0,62,0,0,0,7,0,2,0,2
JaCoCo Coverage Report,ChatGPT.MergeSort.PromptOnly.T6,MergeSort,99,0,10,0,20,0,9,0,4,0
JaCoCo Coverage Report,ChatGPT.MergeSort.PromptOnly.T6,MergeSortTest,0,128,0,0,0,16,0,4,0,4
JaCoCo Coverage Report,ChatGPT.MergeSort.PromptOnly.T7,MergeSort,0,99,0,10,0,20,0,9,0,4
JaCoCo Coverage Report,ChatGPT.MergeSort.PromptOnly.T7,MergeSortTest,0,134,0,0,0,19,0,4,0,4
JaCoCo Coverage Report,ChatGPT.Knapsack.PromptOnly.T8,Knapsack,0,97,0,10,0,10,0,7,0,2
JaCoCo Coverage Report,ChatGPT.Knapsack.PromptOnly.T8,KnapsackTest,15,150,0,0,6,15,0,5,0,5
JaCoCo Coverage Report,Copilot.BinarySearch.BookExampleCode.T3,BinarySearch,0,45,0,6,0,10,0,5,0,2
JaCoCo Coverage Report,Copilot.BinarySearch.BookExampleCode.T3,BinarySearchTest,0,67,0,0,0,7,0,2,0,2
JaCoCo Coverage Report,ChatGPT.MergeSort.PromptOnly.T8,MergeSortTest,0,122,0,0,0,13,0,4,0,4
JaCoCo Coverage Report,ChatGPT.MergeSort.PromptOnly.T8,MergeSort,99,0,10,0,20,0,9,0,4,0
JaCoCo Coverage Report,ChatGPT.MergeSort.PromptOnly.T9,MergeSort,99,0,10,0,20,0,9,0,4,0
JaCoCo Coverage Report,ChatGPT.MergeSort.PromptOnly.T9,MergeSortTest,0,128,0,0,0,16,0,4,0,4
JaCoCo Coverage Report,Copilot.BinarySearch.BookExampleCode.T2,BinarySearch,0,45,0,6,0,10,0,5,0,2
JaCoCo Coverage Report,Copilot.BinarySearch.BookExampleCode.T2,BinarySearchTest,0,79,0,0,0,12,0,5,0,5
JaCoCo Coverage Report,ChatGPT.MergeSort.PromptOnly.T2,MergeSort,0,99,0,10,0,20,0,9,0,4
JaCoCo Coverage Report,ChatGPT.MergeSort.PromptOnly.T2,MergeSortTest,0,125,0,0,0,15,0,5,0,5
JaCoCo Coverage Report,Copilot.BinarySearch.BookExampleCode.T5,BinarySearch,0,45,0,6,0,10,0,5,0,2
JaCoCo Coverage Report,Copilot.BinarySearch.BookExampleCode.T5,BinarySearchTest,0,107,0,0,0,12,0,2,0,2
JaCoCo Coverage Report,ChatGPT.EgyptianFractions.BookExampleCode.T8,EgyptianFractions,0,73,1,5,0,11,1,4,0,2
JaCoCo Coverage Report,ChatGPT.EgyptianFractions.BookExampleCode.T8,EgyptianFractionsTest,15,62,0,0,4,13,0,4,0,4
JaCoCo Coverage Report,ChatGPT.MergeSort.PromptOnly.T3,MergeSort,0,99,0,10,0,20,0,9,0,4
JaCoCo Coverage Report,ChatGPT.MergeSort.PromptOnly.T3,MergeSortTest,2,159,1,3,1,18,1,6,0,5
JaCoCo Coverage Report,ChatGPT.EgyptianFractions.BookExampleCode.T9,EgyptianFractions,4,69,2,4,1,10,2,3,0,2
JaCoCo Coverage Report,ChatGPT.EgyptianFractions.BookExampleCode.T9,EgyptianFractionsTest,5,46,0,0,2,11,0,4,0,4
JaCoCo Coverage Report,Copilot.BinarySearch.BookExampleCode.T4,BinarySearchTest,0,50,0,0,0,7,0,2,0,2
JaCoCo Coverage Report,Copilot.BinarySearch.BookExampleCode.T4,BinarySearch,0,45,0,6,0,10,0,5,0,2
JaCoCo Coverage Report,Copilot.BinarySearch.BookExampleCode.T7,BinarySearchTest,0,62,0,0,0,7,0,2,0,2
JaCoCo Coverage Report,Copilot.BinarySearch.BookExampleCode.T7,BinarySearch,0,45,0,6,0,10,0,5,0,2
JaCoCo Coverage Report,ChatGPT.EgyptianFractions.BookExampleCode.T6,EgyptianFractions,4,69,2,4,1,10,2,3,0,2
JaCoCo Coverage Report,ChatGPT.EgyptianFractions.BookExampleCode.T6,EgyptianFractionsTest,35,72,0,0,7,13,0,5,0,5
JaCoCo Coverage Report,ChatGPT.MergeSort.PromptOnly.T4,MergeSortTest,0,128,0,0,0,16,0,4,0,4
JaCoCo Coverage Report,ChatGPT.MergeSort.PromptOnly.T4,MergeSort,99,0,10,0,20,0,9,0,4,0
JaCoCo Coverage Report,Copilot.BinarySearch.BookExampleCode.T6,BinarySearch,0,45,0,6,0,10,0,5,0,2
JaCoCo Coverage Report,Copilot.BinarySearch.BookExampleCode.T6,BinarySearchTest,0,102,0,0,0,13,0,4,0,4
JaCoCo Coverage Report,ChatGPT.MergeSort.PromptOnly.T5,MergeSort,99,0,10,0,20,0,9,0,4,0
JaCoCo Coverage Report,ChatGPT.MergeSort.PromptOnly.T5,MergeSortTest,0,128,0,0,0,16,0,4,0,4
JaCoCo Coverage Report,ChatGPT.EgyptianFractions.BookExampleCode.T7,EgyptianFractions,0,73,0,6,0,11,0,5,0,2
JaCoCo Coverage Report,ChatGPT.EgyptianFractions.BookExampleCode.T7,EgyptianFractionsTest,4,98,0,0,2,19,0,7,0,7
JaCoCo Coverage Report,ChatGPT.BellmanFord.PromptOnly.T9,BellmanFordTest,0,222,0,0,0,10,0,4,0,4
JaCoCo Coverage Report,ChatGPT.BellmanFord.PromptOnly.T9,BellmanFord.Edge,0,12,0,0,0,5,0,1,0,1
JaCoCo Coverage Report,ChatGPT.BellmanFord.PromptOnly.T9,BellmanFord,3,137,0,20,1,26,1,11,1,1
JaCoCo Coverage Report,ChatGPT.BellmanFord.PromptOnly.T8,BellmanFord,3,137,0,20,1,26,1,11,1,1
JaCoCo Coverage Report,ChatGPT.BellmanFord.PromptOnly.T8,BellmanFordTest,138,219,0,0,18,7,0,4,0,4
JaCoCo Coverage Report,ChatGPT.BellmanFord.PromptOnly.T8,BellmanFord.Edge,0,12,0,0,0,5,0,1,0,1
JaCoCo Coverage Report,ChatGPT.BellmanFord.PromptOnly.T7,BellmanFordTest,129,219,0,0,17,7,0,4,0,4
JaCoCo Coverage Report,ChatGPT.BellmanFord.PromptOnly.T7,BellmanFord.Edge,0,12,0,0,0,5,0,1,0,1
JaCoCo Coverage Report,ChatGPT.BellmanFord.PromptOnly.T7,BellmanFord,3,137,0,20,1,26,1,11,1,1
JaCoCo Coverage Report,ChatGPT.BellmanFord.PromptOnly.T6,BellmanFordTest,97,221,0,0,15,8,0,4,0,4
JaCoCo Coverage Report,ChatGPT.BellmanFord.PromptOnly.T6,BellmanFord,3,137,0,20,1,26,1,11,1,1
JaCoCo Coverage Report,ChatGPT.BellmanFord.PromptOnly.T6,BellmanFord.Edge,0,12,0,0,0,5,0,1,0,1
JaCoCo Coverage Report,Copilot.DepthFirstSearch.PromptOnly.T10,DepthFirstSearch.Edge,0,9,0,0,0,4,0,1,0,1
JaCoCo Coverage Report,Copilot.DepthFirstSearch.PromptOnly.T10,DepthFirstSearchTest,37,90,0,0,2,4,0,2,0,2
JaCoCo Coverage Report,Copilot.DepthFirstSearch.PromptOnly.T10,DepthFirstSearch,0,100,0,8,0,20,0,6,0,2
JaCoCo Coverage Report,Copilot.BinaryToDecimal.BookExampleCode.T7,BinaryToDecimal,0,33,0,4,0,8,0,4,0,2
JaCoCo Coverage Report,Copilot.BinaryToDecimal.BookExampleCode.T7,BinaryToDecimalTest,0,212,0,0,0,37,0,2,0,2
JaCoCo Coverage Report,ChatGPT.BellmanFord.PromptOnly.T1,BellmanFord.Edge,0,12,0,0,0,5,0,1,0,1
JaCoCo Coverage Report,ChatGPT.BellmanFord.PromptOnly.T1,BellmanFord,3,137,0,20,1,26,1,11,1,1
JaCoCo Coverage Report,ChatGPT.BellmanFord.PromptOnly.T1,BellmanFordTest,95,226,0,0,14,8,0,5,0,5
JaCoCo Coverage Report,Copilot.BinaryToDecimal.BookExampleCode.T6,BinaryToDecimalTest,0,36,0,0,0,10,0,4,0,4
JaCoCo Coverage Report,Copilot.BinaryToDecimal.BookExampleCode.T6,BinaryToDecimal,0,33,0,4,0,8,0,4,0,2
JaCoCo Coverage Report,Copilot.BinaryToDecimal.BookExampleCode.T9,BinaryToDecimal,0,33,0,4,0,8,0,4,0,2
JaCoCo Coverage Report,Copilot.BinaryToDecimal.BookExampleCode.T9,BinaryToDecimalTest,0,194,0,0,0,34,0,2,0,2
JaCoCo Coverage Report,Copilot.BinaryToDecimal.BookExampleCode.T8,BinaryToDecimalTest,0,26,0,0,0,6,0,2,0,2
JaCoCo Coverage Report,Copilot.BinaryToDecimal.BookExampleCode.T8,BinaryToDecimal,0,33,0,4,0,8,0,4,0,2
JaCoCo Coverage Report,ChatGPT.BellmanFord.PromptOnly.T5,BellmanFordTest,97,221,0,0,15,8,0,4,0,4
JaCoCo Coverage Report,ChatGPT.BellmanFord.PromptOnly.T5,BellmanFord,3,137,0,20,1,26,1,11,1,1
JaCoCo Coverage Report,ChatGPT.BellmanFord.PromptOnly.T5,BellmanFord.Edge,0,12,0,0,0,5,0,1,0,1
JaCoCo Coverage Report,ChatGPT.BellmanFord.PromptOnly.T4,BellmanFord.Edge,0,12,0,0,0,5,0,1,0,1
JaCoCo Coverage Report,ChatGPT.BellmanFord.PromptOnly.T4,BellmanFordTest,97,221,0,0,15,8,0,4,0,4
JaCoCo Coverage Report,ChatGPT.BellmanFord.PromptOnly.T4,BellmanFord,3,137,0,20,1,26,1,11,1,1
JaCoCo Coverage Report,ChatGPT.Knapsack.PromptOnly.T10,KnapsackTest,0,112,0,0,0,22,0,4,0,4
JaCoCo Coverage Report,ChatGPT.Knapsack.PromptOnly.T10,Knapsack,0,97,0,10,0,10,0,7,0,2
JaCoCo Coverage Report,ChatGPT.BellmanFord.PromptOnly.T3,BellmanFord,3,137,0,20,1,26,1,11,1,1
JaCoCo Coverage Report,ChatGPT.BellmanFord.PromptOnly.T3,BellmanFordTest,0,222,0,0,0,10,0,4,0,4
JaCoCo Coverage Report,ChatGPT.BellmanFord.PromptOnly.T3,BellmanFord.Edge,0,12,0,0,0,5,0,1,0,1
JaCoCo Coverage Report,ChatGPT.BellmanFord.PromptOnly.T2,BellmanFord,3,137,0,20,1,26,1,11,1,1
JaCoCo Coverage Report,ChatGPT.BellmanFord.PromptOnly.T2,BellmanFord.Edge,0,12,0,0,0,5,0,1,0,1
JaCoCo Coverage Report,ChatGPT.BellmanFord.PromptOnly.T2,BellmanFordTest,138,219,0,0,18,7,0,4,0,4
JaCoCo Coverage Report,ChatGPT.BinaryToDecimal.BookExampleCode.T4,BinaryToDecimalTest,0,26,0,0,0,6,0,2,0,2
JaCoCo Coverage Report,ChatGPT.BinaryToDecimal.BookExampleCode.T4,BinaryToDecimal,0,33,0,4,0,8,0,4,0,2
JaCoCo Coverage Report,ChatGPT.BinaryToDecimal.BookExampleCode.T3,BinaryToDecimal,0,33,0,4,0,8,0,4,0,2
JaCoCo Coverage Report,ChatGPT.BinaryToDecimal.BookExampleCode.T3,BinaryToDecimalTest,0,26,0,0,0,6,0,2,0,2
JaCoCo Coverage Report,ChatGPT.BinaryToDecimal.BookExampleCode.T2,BinaryToDecimal,0,33,0,4,0,8,0,4,0,2
JaCoCo Coverage Report,ChatGPT.BinaryToDecimal.BookExampleCode.T2,BinaryToDecimalTest,0,42,0,0,0,13,0,4,0,4
JaCoCo Coverage Report,Copilot.BinaryToDecimal.BookExampleCode.T1,BinaryToDecimalTest,0,42,0,0,0,13,0,4,0,4
JaCoCo Coverage Report,Copilot.BinaryToDecimal.BookExampleCode.T1,BinaryToDecimal,0,33,0,4,0,8,0,4,0,2
JaCoCo Coverage Report,ChatGPT.BinaryToDecimal.BookExampleCode.T1,BinaryToDecimal,0,33,0,4,0,8,0,4,0,2
JaCoCo Coverage Report,ChatGPT.BinaryToDecimal.BookExampleCode.T1,BinaryToDecimalTest,0,57,0,0,0,19,0,4,0,4
JaCoCo Coverage Report,Copilot.BinaryToDecimal.BookExampleCode.T3,BinaryToDecimal,0,33,0,4,0,8,0,4,0,2
JaCoCo Coverage Report,Copilot.BinaryToDecimal.BookExampleCode.T3,BinaryToDecimalTest,0,36,0,0,0,10,0,4,0,4
JaCoCo Coverage Report,Copilot.BinaryToDecimal.BookExampleCode.T2,BinaryToDecimalTest,0,36,0,0,0,10,0,4,0,4
JaCoCo Coverage Report,Copilot.BinaryToDecimal.BookExampleCode.T2,BinaryToDecimal,0,33,0,4,0,8,0,4,0,2
JaCoCo Coverage Report,Copilot.BinaryToDecimal.BookExampleCode.T5,BinaryToDecimal,0,33,0,4,0,8,0,4,0,2
JaCoCo Coverage Report,Copilot.BinaryToDecimal.BookExampleCode.T5,BinaryToDecimalTest,0,36,0,0,0,10,0,4,0,4
JaCoCo Coverage Report,Copilot.BinaryToDecimal.BookExampleCode.T4,BinaryToDecimal,0,33,0,4,0,8,0,4,0,2
JaCoCo Coverage Report,Copilot.BinaryToDecimal.BookExampleCode.T4,BinaryToDecimalTest,0,212,0,0,0,37,0,2,0,2
JaCoCo Coverage Report,ChatGPT.EgyptianFractions.PromptOnly.T10,EgyptianFractionsTest,11,64,0,0,6,9,0,4,0,4
JaCoCo Coverage Report,ChatGPT.EgyptianFractions.PromptOnly.T10,EgyptianFractions,0,73,1,5,0,11,1,4,0,2
JaCoCo Coverage Report,ChatGPT.BinaryToDecimal.BookExampleCode.T9,BinaryToDecimal,0,33,0,4,0,8,0,4,0,2
JaCoCo Coverage Report,ChatGPT.BinaryToDecimal.BookExampleCode.T9,BinaryToDecimalTest,0,42,0,0,0,13,0,4,0,4
JaCoCo Coverage Report,ChatGPT.BellmanFord.AIGenerated.T1,BellmanFordTest,11,297,0,0,6,19,0,4,0,4
JaCoCo Coverage Report,ChatGPT.BellmanFord.AIGenerated.T1,BellmanFord,3,124,0,18,1,23,1,10,1,1
JaCoCo Coverage Report,ChatGPT.BellmanFord.AIGenerated.T1,BellmanFord.Edge,0,12,0,0,0,5,0,1,0,1
JaCoCo Coverage Report,ChatGPT.BinaryToDecimal.BookExampleCode.T8,BinaryToDecimal,0,33,0,4,0,8,0,4,0,2
JaCoCo Coverage Report,ChatGPT.BinaryToDecimal.BookExampleCode.T8,BinaryToDecimalTest,0,26,0,0,0,6,0,2,0,2
JaCoCo Coverage Report,ChatGPT.BinaryToDecimal.BookExampleCode.T7,BinaryToDecimal,0,33,0,4,0,8,0,4,0,2
JaCoCo Coverage Report,ChatGPT.BinaryToDecimal.BookExampleCode.T7,BinaryToDecimalTest,5,37,0,0,2,11,0,4,0,4
JaCoCo Coverage Report,ChatGPT.BellmanFord.AIGenerated.T2,BellmanFord.Edge,0,12,0,0,0,5,0,1,0,1
JaCoCo Coverage Report,ChatGPT.BellmanFord.AIGenerated.T2,BellmanFord,3,124,0,18,1,23,1,10,1,1
JaCoCo Coverage Report,ChatGPT.BellmanFord.AIGenerated.T2,BellmanFordTest,0,223,0,0,0,11,0,5,0,5
JaCoCo Coverage Report,ChatGPT.BinaryToDecimal.BookExampleCode.T6,BinaryToDecimalTest,5,37,0,0,2,11,0,4,0,4
JaCoCo Coverage Report,ChatGPT.BinaryToDecimal.BookExampleCode.T6,BinaryToDecimal,0,33,0,4,0,8,0,4,0,2
JaCoCo Coverage Report,ChatGPT.BinaryToDecimal.BookExampleCode.T5,BinaryToDecimal,0,33,0,4,0,8,0,4,0,2
JaCoCo Coverage Report,ChatGPT.BinaryToDecimal.BookExampleCode.T5,BinaryToDecimalTest,0,57,0,0,0,19,0,4,0,4
JaCoCo Coverage Report,Copilot.FloydWarshall.PromptOnly.T2,FloydWarshall,2,222,2,22,1,34,2,14,0,4
JaCoCo Coverage Report,Copilot.FloydWarshall.PromptOnly.T2,FloydWarshallTest,0,187,0,0,0,36,0,4,0,4
JaCoCo Coverage Report,Copilot.FloydWarshall.PromptOnly.T1,FloydWarshall,2,222,1,23,1,34,1,15,0,4
JaCoCo Coverage Report,Copilot.FloydWarshall.PromptOnly.T1,FloydWarshallTest,5,182,0,0,2,35,0,5,0,5
JaCoCo Coverage Report,Copilot.FloydWarshall.PromptOnly.T4,FloydWarshall,0,224,1,23,0,35,1,15,0,4
JaCoCo Coverage Report,Copilot.FloydWarshall.PromptOnly.T4,FloydWarshallTest,0,155,0,0,0,36,0,4,0,4
JaCoCo Coverage Report,Copilot.FloydWarshall.PromptOnly.T3,FloydWarshall,2,222,2,22,1,34,2,14,0,4
JaCoCo Coverage Report,Copilot.FloydWarshall.PromptOnly.T3,FloydWarshallTest,0,154,0,0,0,34,0,4,0,4
JaCoCo Coverage Report,Copilot.FloydWarshall.PromptOnly.T6,FloydWarshall,2,222,2,22,1,34,2,14,0,4
JaCoCo Coverage Report,Copilot.FloydWarshall.PromptOnly.T6,FloydWarshallTest,283,55,0,0,15,12,0,2,0,2
JaCoCo Coverage Report,Copilot.FloydWarshall.PromptOnly.T5,FloydWarshallTest,0,182,0,0,0,35,0,4,0,4
JaCoCo Coverage Report,Copilot.FloydWarshall.PromptOnly.T5,FloydWarshall,2,222,2,22,1,34,2,14,0,4
JaCoCo Coverage Report,Copilot.FloydWarshall.PromptOnly.T8,FloydWarshall,97,127,13,11,11,24,8,8,1,3
JaCoCo Coverage Report,Copilot.FloydWarshall.PromptOnly.T8,FloydWarshallTest,10,142,0,0,4,32,0,10,0,10
JaCoCo Coverage Report,Copilot.FloydWarshall.PromptOnly.T7,FloydWarshall,0,224,1,23,0,35,1,15,0,4
JaCoCo Coverage Report,Copilot.FloydWarshall.PromptOnly.T7,FloydWarshallTest,10,76,0,0,4,18,0,5,0,5
JaCoCo Coverage Report,Copilot.FloydWarshall.PromptOnly.T9,FloydWarshallTest,0,108,0,0,0,22,0,4,0,4
JaCoCo Coverage Report,Copilot.FloydWarshall.PromptOnly.T9,FloydWarshall,39,185,5,19,9,26,4,12,1,3
JaCoCo Coverage Report,Copilot.DepthFirstSearch.PromptOnly.T7,DepthFirstSearch.Edge,0,9,0,0,0,4,0,1,0,1
JaCoCo Coverage Report,Copilot.DepthFirstSearch.PromptOnly.T7,DepthFirstSearchTest,74,222,0,0,4,9,0,4,0,4
JaCoCo Coverage Report,Copilot.DepthFirstSearch.PromptOnly.T7,DepthFirstSearch,0,100,0,8,0,20,0,6,0,2
JaCoCo Coverage Report,Copilot.DepthFirstSearch.PromptOnly.T6,DepthFirstSearch.Edge,0,9,0,0,0,4,0,1,0,1
JaCoCo Coverage Report,Copilot.DepthFirstSearch.PromptOnly.T6,DepthFirstSearch,0,100,0,8,0,20,0,6,0,2
JaCoCo Coverage Report,Copilot.DepthFirstSearch.PromptOnly.T6,DepthFirstSearchTest,37,92,0,0,2,5,0,2,0,2
JaCoCo Coverage Report,Copilot.DepthFirstSearch.PromptOnly.T5,DepthFirstSearch,0,100,0,8,0,20,0,6,0,2
JaCoCo Coverage Report,Copilot.DepthFirstSearch.PromptOnly.T5,DepthFirstSearchTest,10,282,0,0,4,11,0,4,0,4
JaCoCo Coverage Report,Copilot.DepthFirstSearch.PromptOnly.T5,DepthFirstSearch.Edge,0,9,0,0,0,4,0,1,0,1
JaCoCo Coverage Report,ChatGPT.EgyptianFractions.BookExampleCode.T10,EgyptianFractions,4,69,2,4,1,10,2,3,0,2
JaCoCo Coverage Report,ChatGPT.EgyptianFractions.BookExampleCode.T10,EgyptianFractionsTest,67,38,0,0,14,7,0,5,0,5
JaCoCo Coverage Report,Copilot.DepthFirstSearch.PromptOnly.T4,DepthFirstSearch,0,100,0,8,0,20,0,6,0,2
JaCoCo Coverage Report,Copilot.DepthFirstSearch.PromptOnly.T4,DepthFirstSearch.Edge,0,9,0,0,0,4,0,1,0,1
JaCoCo Coverage Report,Copilot.DepthFirstSearch.PromptOnly.T4,DepthFirstSearchTest,70,96,0,0,9,6,0,2,0,2
JaCoCo Coverage Report,Copilot.DepthFirstSearch.PromptOnly.T9,DepthFirstSearch.Edge,0,9,0,0,0,4,0,1,0,1
JaCoCo Coverage Report,Copilot.DepthFirstSearch.PromptOnly.T9,DepthFirstSearchTest,33,224,0,0,5,17,0,3,0,3
JaCoCo Coverage Report,Copilot.DepthFirstSearch.PromptOnly.T9,DepthFirstSearch,0,100,0,8,0,20,0,6,0,2
JaCoCo Coverage Report,Copilot.DepthFirstSearch.PromptOnly.T8,DepthFirstSearch.Edge,0,9,0,0,0,4,0,1,0,1
JaCoCo Coverage Report,Copilot.DepthFirstSearch.PromptOnly.T8,DepthFirstSearchTest,5,124,0,0,2,5,0,2,0,2
JaCoCo Coverage Report,Copilot.DepthFirstSearch.PromptOnly.T8,DepthFirstSearch,0,100,0,8,0,20,0,6,0,2
JaCoCo Coverage Report,Copilot.DepthFirstSearch.PromptOnly.T3,DepthFirstSearchTest,97,133,0,4,8,12,0,4,0,2
JaCoCo Coverage Report,Copilot.DepthFirstSearch.PromptOnly.T3,DepthFirstSearch,0,100,0,8,0,20,0,6,0,2
JaCoCo Coverage Report,Copilot.DepthFirstSearch.PromptOnly.T3,DepthFirstSearch.Edge,0,9,0,0,0,4,0,1,0,1
JaCoCo Coverage Report,Copilot.DepthFirstSearch.PromptOnly.T2,DepthFirstSearch.Edge,0,9,0,0,0,4,0,1,0,1
JaCoCo Coverage Report,Copilot.DepthFirstSearch.PromptOnly.T2,DepthFirstSearchTest,0,230,0,0,0,13,0,4,0,4
JaCoCo Coverage Report,Copilot.DepthFirstSearch.PromptOnly.T2,DepthFirstSearch,0,100,0,8,0,20,0,6,0,2
JaCoCo Coverage Report,Copilot.DepthFirstSearch.PromptOnly.T1,DepthFirstSearch,0,100,0,8,0,20,0,6,0,2
JaCoCo Coverage Report,Copilot.DepthFirstSearch.PromptOnly.T1,DepthFirstSearch.Edge,0,9,0,0,0,4,0,1,0,1
JaCoCo Coverage Report,Copilot.DepthFirstSearch.PromptOnly.T1,DepthFirstSearchTest,5,126,0,0,2,12,0,2,0,2
JaCoCo Coverage Report,ChatGPT.BellmanFord.AIGenerated.T5,BellmanFordTest,86,250,0,0,13,12,0,4,0,4
JaCoCo Coverage Report,ChatGPT.BellmanFord.AIGenerated.T5,BellmanFord.Edge,0,12,0,0,0,5,0,1,0,1
JaCoCo Coverage Report,ChatGPT.BellmanFord.AIGenerated.T5,BellmanFord,3,124,0,18,1,23,1,10,1,1
JaCoCo Coverage Report,ChatGPT.BellmanFord.BookExampleCode.T1,BellmanFord.Edge,0,12,0,0,0,5,0,1,0,1
JaCoCo Coverage Report,ChatGPT.BellmanFord.BookExampleCode.T1,BellmanFordTest,131,229,0,0,18,12,0,4,0,4
JaCoCo Coverage Report,ChatGPT.BellmanFord.BookExampleCode.T1,BellmanFord,3,137,0,20,1,26,1,11,1,1
JaCoCo Coverage Report,ChatGPT.BellmanFord.AIGenerated.T6,BellmanFordTest,102,255,0,0,14,11,0,4,0,4
JaCoCo Coverage Report,ChatGPT.BellmanFord.AIGenerated.T6,BellmanFord.Edge,0,12,0,0,0,5,0,1,0,1
JaCoCo Coverage Report,ChatGPT.BellmanFord.AIGenerated.T6,BellmanFord,3,124,0,18,1,23,1,10,1,1
JaCoCo Coverage Report,ChatGPT.BellmanFord.AIGenerated.T3,BellmanFord.Edge,0,12,0,0,0,5,0,1,0,1
JaCoCo Coverage Report,ChatGPT.BellmanFord.AIGenerated.T3,BellmanFord,3,124,0,18,1,23,1,10,1,1
JaCoCo Coverage Report,ChatGPT.BellmanFord.AIGenerated.T3,BellmanFordTest,129,267,0,0,17,12,0,5,0,5
JaCoCo Coverage Report,ChatGPT.BellmanFord.AIGenerated.T4,BellmanFord,3,124,0,18,1,23,1,10,1,1
JaCoCo Coverage Report,ChatGPT.BellmanFord.AIGenerated.T4,BellmanFordTest,102,294,0,0,14,15,0,5,0,5
JaCoCo Coverage Report,ChatGPT.BellmanFord.AIGenerated.T4,BellmanFord.Edge,0,12,0,0,0,5,0,1,0,1
JaCoCo Coverage Report,ChatGPT.BellmanFord.AIGenerated.T9,BellmanFord.Edge,0,12,0,0,0,5,0,1,0,1
JaCoCo Coverage Report,ChatGPT.BellmanFord.AIGenerated.T9,BellmanFord,3,124,0,18,1,23,1,10,1,1
JaCoCo Coverage Report,ChatGPT.BellmanFord.AIGenerated.T9,BellmanFordTest,31,347,3,3,7,21,2,5,0,4
JaCoCo Coverage Report,ChatGPT.BellmanFord.AIGenerated.T7,BellmanFordTest,104,265,0,0,15,16,0,4,0,4
JaCoCo Coverage Report,ChatGPT.BellmanFord.AIGenerated.T7,BellmanFord,3,124,0,18,1,23,1,10,1,1
JaCoCo Coverage Report,ChatGPT.BellmanFord.AIGenerated.T7,BellmanFord.Edge,0,12,0,0,0,5,0,1,0,1
JaCoCo Coverage Report,ChatGPT.BellmanFord.AIGenerated.T8,BellmanFord,3,124,0,18,1,23,1,10,1,1
JaCoCo Coverage Report,ChatGPT.BellmanFord.AIGenerated.T8,BellmanFord.Edge,0,12,0,0,0,5,0,1,0,1
JaCoCo Coverage Report,ChatGPT.BellmanFord.AIGenerated.T8,BellmanFordTest,102,255,0,0,14,11,0,4,0,4
JaCoCo Coverage Report,ChatGPT.BellmanFord.BookExampleCode.T8,BellmanFord.Edge,0,12,0,0,0,5,0,1,0,1
JaCoCo Coverage Report,ChatGPT.BellmanFord.BookExampleCode.T8,BellmanFordTest,12,348,0,0,6,31,0,4,0,4
JaCoCo Coverage Report,ChatGPT.BellmanFord.BookExampleCode.T8,BellmanFord,3,137,0,20,1,26,1,11,1,1
JaCoCo Coverage Report,ChatGPT.BellmanFord.BookExampleCode.T9,BellmanFord.Edge,0,12,0,0,0,5,0,1,0,1
JaCoCo Coverage Report,ChatGPT.BellmanFord.BookExampleCode.T9,BellmanFord,3,137,0,20,1,26,1,11,1,1
JaCoCo Coverage Report,ChatGPT.BellmanFord.BookExampleCode.T9,BellmanFordTest,12,315,0,0,6,22,0,4,0,4
JaCoCo Coverage Report,ChatGPT.BellmanFord.BookExampleCode.T6,BellmanFordTest,140,235,0,0,19,15,0,4,0,4
JaCoCo Coverage Report,ChatGPT.BellmanFord.BookExampleCode.T6,BellmanFord,3,137,0,20,1,26,1,11,1,1
JaCoCo Coverage Report,ChatGPT.BellmanFord.BookExampleCode.T6,BellmanFord.Edge,0,12,0,0,0,5,0,1,0,1
JaCoCo Coverage Report,ChatGPT.BellmanFord.BookExampleCode.T7,BellmanFord,3,137,0,20,1,26,1,11,1,1
JaCoCo Coverage Report,ChatGPT.BellmanFord.BookExampleCode.T7,BellmanFordTest,12,315,0,0,6,22,0,4,0,4
JaCoCo Coverage Report,ChatGPT.BellmanFord.BookExampleCode.T7,BellmanFord.Edge,0,12,0,0,0,5,0,1,0,1
JaCoCo Coverage Report,Copilot.BellmanFord.PromptOnly.T10,BellmanFordTest,53,213,0,0,8,5,1,2,1,2
JaCoCo Coverage Report,Copilot.BellmanFord.PromptOnly.T10,BellmanFord.Edge,0,12,0,0,0,5,0,1,0,1
JaCoCo Coverage Report,Copilot.BellmanFord.PromptOnly.T10,BellmanFord,26,114,3,17,5,22,4,8,1,1
JaCoCo Coverage Report,ChatGPT.BellmanFord.BookExampleCode.T4,BellmanFord.Edge,0,12,0,0,0,5,0,1,0,1
JaCoCo Coverage Report,ChatGPT.BellmanFord.BookExampleCode.T4,BellmanFordTest,140,223,0,0,19,9,0,4,0,4
JaCoCo Coverage Report,ChatGPT.BellmanFord.BookExampleCode.T4,BellmanFord,3,137,0,20,1,26,1,11,1,1
JaCoCo Coverage Report,ChatGPT.BellmanFord.BookExampleCode.T5,BellmanFordTest,140,229,0,0,19,12,0,4,0,4
JaCoCo Coverage Report,ChatGPT.BellmanFord.BookExampleCode.T5,BellmanFord,3,137,0,20,1,26,1,11,1,1
JaCoCo Coverage Report,ChatGPT.BellmanFord.BookExampleCode.T5,BellmanFord.Edge,0,12,0,0,0,5,0,1,0,1
JaCoCo Coverage Report,Copilot.Kruskal.BookExampleCode.T10,KruskalTest,0,234,0,0,0,11,0,4,0,4
JaCoCo Coverage Report,Copilot.Kruskal.BookExampleCode.T10,Kruskal.Edge,8,12,0,0,1,5,1,1,1,1
JaCoCo Coverage Report,Copilot.Kruskal.BookExampleCode.T10,Kruskal,3,56,0,4,1,14,1,4,1,2
JaCoCo Coverage Report,Copilot.Kruskal.BookExampleCode.T10,Kruskal.DisjointSet,0,62,0,4,0,12,0,6,0,4
JaCoCo Coverage Report,ChatGPT.BellmanFord.BookExampleCode.T2,BellmanFord.Edge,0,12,0,0,0,5,0,1,0,1
JaCoCo Coverage Report,ChatGPT.BellmanFord.BookExampleCode.T2,BellmanFordTest,12,315,0,0,6,22,0,4,0,4
JaCoCo Coverage Report,ChatGPT.BellmanFord.BookExampleCode.T2,BellmanFord,3,137,0,20,1,26,1,11,1,1
JaCoCo Coverage Report,ChatGPT.BellmanFord.BookExampleCode.T3,BellmanFord.Edge,0,12,0,0,0,5,0,1,0,1
JaCoCo Coverage Report,ChatGPT.BellmanFord.BookExampleCode.T3,BellmanFordTest,131,223,0,0,18,9,0,4,0,4
JaCoCo Coverage Report,ChatGPT.BellmanFord.BookExampleCode.T3,BellmanFord,3,137,0,20,1,26,1,11,1,1
JaCoCo Coverage Report,ChatGPT.Kruskal.BookExampleCode.T9,KruskalTest,18,272,0,0,8,8,0,4,0,4
JaCoCo Coverage Report,ChatGPT.Kruskal.BookExampleCode.T9,Kruskal.Edge,0,20,0,0,0,6,0,2,0,2
JaCoCo Coverage Report,ChatGPT.Kruskal.BookExampleCode.T9,Kruskal,3,56,0,4,1,14,1,4,1,2
JaCoCo Coverage Report,ChatGPT.Kruskal.BookExampleCode.T9,Kruskal.DisjointSet,0,62,0,4,0,12,0,6,0,4
JaCoCo Coverage Report,ChatGPT.BinarySearch.BookExampleCode.T10,BinarySearchTest,0,156,0,0,0,21,0,6,0,6
JaCoCo Coverage Report,ChatGPT.BinarySearch.BookExampleCode.T10,BinarySearch,0,45,0,6,0,10,0,5,0,2
JaCoCo Coverage Report,ChatGPT.QuickSort.AIGenerated.T8,QuickSortTest,0,239,0,0,0,25,0,5,0,5
JaCoCo Coverage Report,ChatGPT.QuickSort.AIGenerated.T8,QuickSort,0,95,1,9,0,22,1,9,0,5
JaCoCo Coverage Report,ChatGPT.QuickSort.AIGenerated.T9,QuickSort,0,95,1,9,0,22,1,9,0,5
JaCoCo Coverage Report,ChatGPT.QuickSort.AIGenerated.T9,QuickSortTest,0,191,0,0,0,25,0,5,0,5
JaCoCo Coverage Report,ChatGPT.QuickSort.AIGenerated.T6,QuickSortTest,0,212,0,0,0,15,0,2,0,2
JaCoCo Coverage Report,ChatGPT.QuickSort.AIGenerated.T6,QuickSort,1,94,2,8,1,21,2,8,0,5
JaCoCo Coverage Report,ChatGPT.QuickSort.AIGenerated.T7,QuickSortTest,0,134,0,0,0,19,0,4,0,4
JaCoCo Coverage Report,ChatGPT.QuickSort.AIGenerated.T7,QuickSort,0,95,1,9,0,22,1,9,0,5
JaCoCo Coverage Report,ChatGPT.QuickSort.AIGenerated.T4,QuickSortTest,0,139,0,0,0,18,0,5,0,5
JaCoCo Coverage Report,ChatGPT.QuickSort.AIGenerated.T4,QuickSort,0,95,1,9,0,22,1,9,0,5
JaCoCo Coverage Report,ChatGPT.QuickSort.AIGenerated.T5,QuickSort,1,94,2,8,1,21,2,8,0,5
JaCoCo Coverage Report,ChatGPT.QuickSort.AIGenerated.T5,QuickSortTest,0,174,0,0,0,19,0,4,0,4
JaCoCo Coverage Report,ChatGPT.QuickSort.AIGenerated.T2,QuickSort,0,95,1,9,0,22,1,9,0,5
JaCoCo Coverage Report,ChatGPT.QuickSort.AIGenerated.T2,QuickSortTest,0,134,0,0,0,19,0,4,0,4
JaCoCo Coverage Report,ChatGPT.QuickSort.AIGenerated.T3,QuickSort,0,95,1,9,0,22,1,9,0,5
JaCoCo Coverage Report,ChatGPT.QuickSort.AIGenerated.T3,QuickSortTest,0,207,0,0,0,25,0,5,0,5
JaCoCo Coverage Report,ChatGPT.QuickSort.AIGenerated.T1,QuickSort,0,95,1,9,0,22,1,9,0,5
JaCoCo Coverage Report,ChatGPT.QuickSort.AIGenerated.T1,QuickSortTest,0,233,0,0,0,23,0,6,0,6
JaCoCo Coverage Report,ChatGPT.Kruskal.BookExampleCode.T4,Kruskal,3,56,0,4,1,14,1,4,1,2
JaCoCo Coverage Report,ChatGPT.Kruskal.BookExampleCode.T4,Kruskal.DisjointSet,0,62,0,4,0,12,0,6,0,4
JaCoCo Coverage Report,ChatGPT.Kruskal.BookExampleCode.T4,KruskalTest,102,191,0,0,15,9,0,5,0,5
JaCoCo Coverage Report,ChatGPT.Kruskal.BookExampleCode.T4,Kruskal.Edge,8,12,0,0,1,5,1,1,1,1
JaCoCo Coverage Report,Copilot.Dijkstra.BookExampleCode.T7,Dijkstra.Node,0,12,0,0,0,4,0,1,0,1
JaCoCo Coverage Report,Copilot.Dijkstra.BookExampleCode.T7,Dijkstra.Edge,0,12,0,0,0,5,0,1,0,1
JaCoCo Coverage Report,Copilot.Dijkstra.BookExampleCode.T7,DijkstraTest,0,100,0,2,0,8,0,3,0,2
JaCoCo Coverage Report,Copilot.Dijkstra.BookExampleCode.T7,Dijkstra,4,251,3,23,2,42,3,14,0,4
JaCoCo Coverage Report,ChatGPT.Kruskal.BookExampleCode.T3,KruskalTest,16,265,0,0,7,8,0,4,0,4
JaCoCo Coverage Report,ChatGPT.Kruskal.BookExampleCode.T3,Kruskal.DisjointSet,0,62,0,4,0,12,0,6,0,4
JaCoCo Coverage Report,ChatGPT.Kruskal.BookExampleCode.T3,Kruskal.Edge,0,20,0,0,0,6,0,2,0,2
JaCoCo Coverage Report,ChatGPT.Kruskal.BookExampleCode.T3,Kruskal,3,56,0,4,1,14,1,4,1,2
JaCoCo Coverage Report,Copilot.Dijkstra.BookExampleCode.T8,Dijkstra,4,251,3,23,2,42,3,14,0,4
JaCoCo Coverage Report,Copilot.Dijkstra.BookExampleCode.T8,DijkstraTest,0,252,0,0,0,17,0,4,0,4
JaCoCo Coverage Report,Copilot.Dijkstra.BookExampleCode.T8,Dijkstra.Node,0,12,0,0,0,4,0,1,0,1
JaCoCo Coverage Report,Copilot.Dijkstra.BookExampleCode.T8,Dijkstra.Edge,0,12,0,0,0,5,0,1,0,1
JaCoCo Coverage Report,ChatGPT.Kruskal.BookExampleCode.T2,Kruskal.Edge,0,20,0,0,0,6,0,2,0,2
JaCoCo Coverage Report,ChatGPT.Kruskal.BookExampleCode.T2,KruskalTest,16,291,0,0,7,12,0,5,0,5
JaCoCo Coverage Report,ChatGPT.Kruskal.BookExampleCode.T2,Kruskal.DisjointSet,0,62,0,4,0,12,0,6,0,4
JaCoCo Coverage Report,ChatGPT.Kruskal.BookExampleCode.T2,Kruskal,3,56,0,4,1,14,1,4,1,2
JaCoCo Coverage Report,Copilot.Dijkstra.BookExampleCode.T5,DijkstraTest,0,263,0,0,0,19,0,4,0,4
JaCoCo Coverage Report,Copilot.Dijkstra.BookExampleCode.T5,Dijkstra,4,251,3,23,2,42,3,14,0,4
JaCoCo Coverage Report,Copilot.Dijkstra.BookExampleCode.T5,Dijkstra.Edge,0,12,0,0,0,5,0,1,0,1
JaCoCo Coverage Report,Copilot.Dijkstra.BookExampleCode.T5,Dijkstra.Node,0,12,0,0,0,4,0,1,0,1
JaCoCo Coverage Report,ChatGPT.Kruskal.BookExampleCode.T1,Kruskal,3,56,0,4,1,14,1,4,1,2
JaCoCo Coverage Report,ChatGPT.Kruskal.BookExampleCode.T1,KruskalTest,14,330,2,2,5,15,2,4,0,4
JaCoCo Coverage Report,ChatGPT.Kruskal.BookExampleCode.T1,Kruskal.Edge,0,20,0,0,0,6,0,2,0,2
JaCoCo Coverage Report,ChatGPT.Kruskal.BookExampleCode.T1,Kruskal.DisjointSet,0,62,0,4,0,12,0,6,0,4
JaCoCo Coverage Report,Copilot.Dijkstra.BookExampleCode.T6,Dijkstra.Edge,0,12,0,0,0,5,0,1,0,1
JaCoCo Coverage Report,Copilot.Dijkstra.BookExampleCode.T6,Dijkstra.Node,0,12,0,0,0,4,0,1,0,1
JaCoCo Coverage Report,Copilot.Dijkstra.BookExampleCode.T6,Dijkstra,4,251,3,23,2,42,3,14,0,4
JaCoCo Coverage Report,Copilot.Dijkstra.BookExampleCode.T6,DijkstraTest,0,263,0,0,0,19,0,4,0,4
JaCoCo Coverage Report,ChatGPT.Kruskal.BookExampleCode.T8,Kruskal.Edge,0,20,0,0,0,6,0,2,0,2
JaCoCo Coverage Report,ChatGPT.Kruskal.BookExampleCode.T8,KruskalTest,16,274,0,0,7,9,0,4,0,4
JaCoCo Coverage Report,ChatGPT.Kruskal.BookExampleCode.T8,Kruskal,3,56,0,4,1,14,1,4,1,2
JaCoCo Coverage Report,ChatGPT.Kruskal.BookExampleCode.T8,Kruskal.DisjointSet,0,62,0,4,0,12,0,6,0,4
JaCoCo Coverage Report,ChatGPT.Kruskal.BookExampleCode.T7,Kruskal.DisjointSet,0,62,0,4,0,12,0,6,0,4
JaCoCo Coverage Report,ChatGPT.Kruskal.BookExampleCode.T7,KruskalTest,16,296,0,0,7,13,0,5,0,5
JaCoCo Coverage Report,ChatGPT.Kruskal.BookExampleCode.T7,Kruskal,3,56,0,4,1,14,1,4,1,2
JaCoCo Coverage Report,ChatGPT.Kruskal.BookExampleCode.T7,Kruskal.Edge,0,20,0,0,0,6,0,2,0,2
JaCoCo Coverage Report,ChatGPT.Kruskal.BookExampleCode.T6,Kruskal.Edge,8,12,0,0,1,5,1,1,1,1
JaCoCo Coverage Report,ChatGPT.Kruskal.BookExampleCode.T6,Kruskal.DisjointSet,0,62,0,4,0,12,0,6,0,4
JaCoCo Coverage Report,ChatGPT.Kruskal.BookExampleCode.T6,Kruskal,3,56,0,4,1,14,1,4,1,2
JaCoCo Coverage Report,ChatGPT.Kruskal.BookExampleCode.T6,KruskalTest,24,309,2,2,9,12,3,4,1,4
JaCoCo Coverage Report,Copilot.Dijkstra.BookExampleCode.T9,Dijkstra,4,251,3,23,2,42,3,14,0,4
JaCoCo Coverage Report,Copilot.Dijkstra.BookExampleCode.T9,Dijkstra.Edge,0,12,0,0,0,5,0,1,0,1
JaCoCo Coverage Report,Copilot.Dijkstra.BookExampleCode.T9,Dijkstra.Node,0,12,0,0,0,4,0,1,0,1
JaCoCo Coverage Report,Copilot.Dijkstra.BookExampleCode.T9,DijkstraTest,66,189,0,0,10,9,0,4,0,4
JaCoCo Coverage Report,ChatGPT.Kruskal.BookExampleCode.T5,Kruskal,3,56,0,4,1,14,1,4,1,2
JaCoCo Coverage Report,ChatGPT.Kruskal.BookExampleCode.T5,Kruskal.DisjointSet,0,62,0,4,0,12,0,6,0,4
JaCoCo Coverage Report,ChatGPT.Kruskal.BookExampleCode.T5,KruskalTest,18,279,0,0,7,9,0,5,0,5
JaCoCo Coverage Report,ChatGPT.Kruskal.BookExampleCode.T5,Kruskal.Edge,0,20,0,0,0,6,0,2,0,2
JaCoCo Coverage Report,ChatGPT.MergeSort.AIGenerated.T9,MergeSort,0,121,1,15,0,29,1,11,0,4
JaCoCo Coverage Report,ChatGPT.MergeSort.AIGenerated.T9,MergeSortTest,0,191,0,0,0,25,0,5,0,5
JaCoCo Coverage Report,ChatGPT.MergeSort.AIGenerated.T7,MergeSort,0,121,1,15,0,29,1,11,0,4
JaCoCo Coverage Report,ChatGPT.MergeSort.AIGenerated.T7,MergeSortTest,0,199,0,0,0,25,0,5,0,5
JaCoCo Coverage Report,ChatGPT.MergeSort.AIGenerated.T8,MergeSortTest,0,134,0,0,0,19,0,4,0,4
JaCoCo Coverage Report,ChatGPT.MergeSort.AIGenerated.T8,MergeSort,0,121,1,15,0,29,1,11,0,4
JaCoCo Coverage Report,Copilot.Dijkstra.BookExampleCode.T3,Dijkstra,4,251,3,23,2,42,3,14,0,4
JaCoCo Coverage Report,Copilot.Dijkstra.BookExampleCode.T3,Dijkstra.Node,0,12,0,0,0,4,0,1,0,1
JaCoCo Coverage Report,Copilot.Dijkstra.BookExampleCode.T3,Dijkstra.Edge,0,12,0,0,0,5,0,1,0,1
JaCoCo Coverage Report,Copilot.Dijkstra.BookExampleCode.T3,DijkstraTest,0,281,0,0,0,19,0,4,0,4
JaCoCo Coverage Report,Copilot.Dijkstra.BookExampleCode.T4,DijkstraTest,0,252,0,0,0,17,0,4,0,4
JaCoCo Coverage Report,Copilot.Dijkstra.BookExampleCode.T4,Dijkstra,4,251,3,23,2,42,3,14,0,4
JaCoCo Coverage Report,Copilot.Dijkstra.BookExampleCode.T4,Dijkstra.Edge,0,12,0,0,0,5,0,1,0,1
JaCoCo Coverage Report,Copilot.Dijkstra.BookExampleCode.T4,Dijkstra.Node,0,12,0,0,0,4,0,1,0,1
JaCoCo Coverage Report,Copilot.Dijkstra.BookExampleCode.T1,DijkstraTest,138,3,0,0,22,1,3,1,3,1
JaCoCo Coverage Report,Copilot.Dijkstra.BookExampleCode.T1,Dijkstra.Edge,12,0,0,0,5,0,1,0,1,0
JaCoCo Coverage Report,Copilot.Dijkstra.BookExampleCode.T1,Dijkstra.Node,12,0,0,0,4,0,1,0,1,0
JaCoCo Coverage Report,Copilot.Dijkstra.BookExampleCode.T1,Dijkstra,225,30,25,1,37,7,16,1,3,1
JaCoCo Coverage Report,Copilot.Dijkstra.BookExampleCode.T2,Dijkstra,4,251,3,23,2,42,3,14,0,4
JaCoCo Coverage Report,Copilot.Dijkstra.BookExampleCode.T2,Dijkstra.Edge,0,12,0,0,0,5,0,1,0,1
JaCoCo Coverage Report,Copilot.Dijkstra.BookExampleCode.T2,Dijkstra.Node,0,12,0,0,0,4,0,1,0,1
JaCoCo Coverage Report,Copilot.Dijkstra.BookExampleCode.T2,DijkstraTest,0,220,0,0,0,29,0,5,0,5
JaCoCo Coverage Report,Copilot.Knapsack.AIGenerated.T10,KnapsackTest,9,89,0,0,2,17,0,4,0,4
JaCoCo Coverage Report,Copilot.Knapsack.AIGenerated.T10,Knapsack,0,97,0,10,0,10,0,7,0,2
JaCoCo Coverage Report,ChatGPT.QuickSort.BookExampleCode.T10,QuickSortTest,0,134,0,0,0,19,0,4,0,4
JaCoCo Coverage Report,ChatGPT.QuickSort.BookExampleCode.T10,QuickSort,0,88,0,6,0,20,0,8,0,5
JaCoCo Coverage Report,ChatGPT.BinarySearch.AIGenerated.T10,BinarySearch,0,45,0,6,0,12,0,5,0,2
JaCoCo Coverage Report,ChatGPT.BinarySearch.AIGenerated.T10,BinarySearchTest,0,118,0,0,0,13,0,4,0,4
JaCoCo Coverage Report,Copilot.Dijkstra.AIGenerated.T7,Dijkstra.Node,0,9,0,0,0,4,0,1,0,1
JaCoCo Coverage Report,Copilot.Dijkstra.AIGenerated.T7,Dijkstra.Edge,0,12,0,0,0,5,0,1,0,1
JaCoCo Coverage Report,Copilot.Dijkstra.AIGenerated.T7,DijkstraTest,0,265,0,0,0,13,0,3,0,3
JaCoCo Coverage Report,Copilot.Dijkstra.AIGenerated.T7,Dijkstra.new Comparator() {...},0,22,0,4,0,6,0,4,0,2
JaCoCo Coverage Report,Copilot.Dijkstra.AIGenerated.T7,Dijkstra,0,85,0,8,0,18,0,6,0,2
JaCoCo Coverage Report,Copilot.Dijkstra.AIGenerated.T6,DijkstraTest,19,262,0,0,3,18,0,4,0,4
JaCoCo Coverage Report,Copilot.Dijkstra.AIGenerated.T6,Dijkstra,0,85,0,8,0,18,0,6,0,2
JaCoCo Coverage Report,Copilot.Dijkstra.AIGenerated.T6,Dijkstra.new Comparator() {...},0,22,0,4,0,6,0,4,0,2
JaCoCo Coverage Report,Copilot.Dijkstra.AIGenerated.T6,Dijkstra.Edge,0,12,0,0,0,5,0,1,0,1
JaCoCo Coverage Report,Copilot.Dijkstra.AIGenerated.T6,Dijkstra.Node,0,9,0,0,0,4,0,1,0,1
JaCoCo Coverage Report,Copilot.Dijkstra.AIGenerated.T9,Dijkstra.Edge,0,12,0,0,0,5,0,1,0,1
JaCoCo Coverage Report,Copilot.Dijkstra.AIGenerated.T9,Dijkstra.new Comparator() {...},0,22,0,4,0,6,0,4,0,2
JaCoCo Coverage Report,Copilot.Dijkstra.AIGenerated.T9,Dijkstra,0,85,0,8,0,18,0,6,0,2
JaCoCo Coverage Report,Copilot.Dijkstra.AIGenerated.T9,DijkstraTest,0,259,0,0,0,20,0,4,0,4
JaCoCo Coverage Report,Copilot.Dijkstra.AIGenerated.T9,Dijkstra.Node,0,9,0,0,0,4,0,1,0,1
JaCoCo Coverage Report,Copilot.Dijkstra.AIGenerated.T8,Dijkstra,0,85,0,8,0,18,0,6,0,2
JaCoCo Coverage Report,Copilot.Dijkstra.AIGenerated.T8,Dijkstra.Node,0,9,0,0,0,4,0,1,0,1
JaCoCo Coverage Report,Copilot.Dijkstra.AIGenerated.T8,Dijkstra.Edge,0,12,0,0,0,5,0,1,0,1
JaCoCo Coverage Report,Copilot.Dijkstra.AIGenerated.T8,Dijkstra.new Comparator() {...},0,22,0,4,0,6,0,4,0,2
JaCoCo Coverage Report,Copilot.Dijkstra.AIGenerated.T8,DijkstraTest,0,253,0,0,0,24,0,4,0,4
JaCoCo Coverage Report,Copilot.Kruskal.AIGenerated.T10,Kruskal.Edge,0,18,0,0,0,6,0,2,0,2
JaCoCo Coverage Report,Copilot.Kruskal.AIGenerated.T10,Kruskal.DisjointSet,1,114,1,11,1,21,1,9,0,4
JaCoCo Coverage Report,Copilot.Kruskal.AIGenerated.T10,Kruskal,3,41,0,4,1,9,1,3,1,1
JaCoCo Coverage Report,Copilot.Kruskal.AIGenerated.T10,KruskalTest,41,207,0,0,6,11,0,3,0,3
JaCoCo Coverage Report,Copilot.BinaryToDecimal.BookExampleCode.T10,BinaryToDecimal,0,33,0,4,0,8,0,4,0,2
JaCoCo Coverage Report,Copilot.BinaryToDecimal.BookExampleCode.T10,BinaryToDecimalTest,0,26,0,0,0,6,0,2,0,2
JaCoCo Coverage Report,Copilot.MergeSort.BookExampleCode.T10,MergeSortTest,0,96,0,0,0,16,0,4,0,4
JaCoCo Coverage Report,Copilot.MergeSort.BookExampleCode.T10,MergeSort,0,99,0,10,0,20,0,9,0,4
JaCoCo Coverage Report,ChatGPT.FloydWarshall.AIGenerated.T5,FloydWarshall,0,201,0,22,0,30,0,15,0,4
JaCoCo Coverage Report,ChatGPT.FloydWarshall.AIGenerated.T5,FloydWarshallTest,0,139,0,0,0,27,0,5,0,5
JaCoCo Coverage Report,Copilot.MergeSort.PromptOnly.T3,MergeSortTest,0,160,0,0,0,11,0,2,0,2
JaCoCo Coverage Report,Copilot.MergeSort.PromptOnly.T3,MergeSort,99,0,10,0,20,0,9,0,4,0
JaCoCo Coverage Report,Copilot.MergeSort.PromptOnly.T4,MergeSort,99,0,10,0,20,0,9,0,4,0
JaCoCo Coverage Report,Copilot.MergeSort.PromptOnly.T4,MergeSortTest,145,117,0,0,13,7,0,2,0,2
JaCoCo Coverage Report,ChatGPT.FloydWarshall.AIGenerated.T6,FloydWarshall,2,199,1,21,1,29,1,14,0,4
JaCoCo Coverage Report,ChatGPT.FloydWarshall.AIGenerated.T6,FloydWarshallTest,24,157,0,0,6,30,0,5,0,5
JaCoCo Coverage Report,ChatGPT.FloydWarshall.AIGenerated.T7,FloydWarshall,0,201,0,22,0,30,0,15,0,4
JaCoCo Coverage Report,ChatGPT.FloydWarshall.AIGenerated.T7,FloydWarshallTest,0,194,0,0,0,36,0,5,0,5
JaCoCo Coverage Report,Copilot.MergeSort.PromptOnly.T1,MergeSort,99,0,10,0,20,0,9,0,4,0
JaCoCo Coverage Report,Copilot.MergeSort.PromptOnly.T1,MergeSortTest,0,96,0,0,0,16,0,4,0,4
JaCoCo Coverage Report,ChatGPT.FloydWarshall.AIGenerated.T8,FloydWarshall,0,201,0,22,0,30,0,15,0,4
JaCoCo Coverage Report,ChatGPT.FloydWarshall.AIGenerated.T8,FloydWarshallTest,9,130,0,0,2,25,1,4,1,4
JaCoCo Coverage Report,Copilot.MergeSort.PromptOnly.T2,MergeSortTest,0,68,0,0,0,7,0,2,0,2
JaCoCo Coverage Report,Copilot.MergeSort.PromptOnly.T2,MergeSort,0,99,0,10,0,20,0,9,0,4
JaCoCo Coverage Report,ChatGPT.FloydWarshall.BookExampleCode.T9,FloydWarshall,0,224,1,23,0,35,1,15,0,4
JaCoCo Coverage Report,ChatGPT.FloydWarshall.BookExampleCode.T9,FloydWarshallTest,68,136,0,0,11,26,0,5,0,5
JaCoCo Coverage Report,ChatGPT.FloydWarshall.AIGenerated.T1,FloydWarshall,2,199,1,21,1,29,1,14,0,4
JaCoCo Coverage Report,ChatGPT.FloydWarshall.AIGenerated.T1,FloydWarshallTest,9,130,0,0,2,25,1,4,1,4
JaCoCo Coverage Report,Copilot.MergeSort.PromptOnly.T7,MergeSortTest,3,0,0,0,1,0,1,0,1,0
JaCoCo Coverage Report,Copilot.MergeSort.PromptOnly.T7,MergeSort,99,0,10,0,20,0,9,0,4,0
JaCoCo Coverage Report,ChatGPT.FloydWarshall.AIGenerated.T2,FloydWarshall,0,201,0,22,0,30,0,15,0,4
JaCoCo Coverage Report,ChatGPT.FloydWarshall.AIGenerated.T2,FloydWarshallTest,0,139,0,0,0,27,0,5,0,5
JaCoCo Coverage Report,ChatGPT.FloydWarshall.BookExampleCode.T8,FloydWarshallTest,35,140,0,0,4,31,0,4,0,4
JaCoCo Coverage Report,ChatGPT.FloydWarshall.BookExampleCode.T8,FloydWarshall,0,224,1,23,0,35,1,15,0,4
JaCoCo Coverage Report,Copilot.MergeSort.PromptOnly.T8,MergeSort,99,0,10,0,20,0,9,0,4,0
JaCoCo Coverage Report,Copilot.MergeSort.PromptOnly.T8,MergeSortTest,0,78,0,0,0,7,0,4,0,4
JaCoCo Coverage Report,ChatGPT.FloydWarshall.AIGenerated.T3,FloydWarshall,0,201,0,22,0,30,0,15,0,4
JaCoCo Coverage Report,ChatGPT.FloydWarshall.AIGenerated.T3,FloydWarshallTest,0,156,0,0,0,30,0,5,0,5
JaCoCo Coverage Report,Copilot.MergeSort.PromptOnly.T5,MergeSortTest,0,168,0,0,0,16,0,4,0,4
JaCoCo Coverage Report,Copilot.MergeSort.PromptOnly.T5,MergeSort,99,0,10,0,20,0,9,0,4,0
JaCoCo Coverage Report,ChatGPT.FloydWarshall.AIGenerated.T4,FloydWarshall,0,201,0,22,0,30,0,15,0,4
JaCoCo Coverage Report,ChatGPT.FloydWarshall.AIGenerated.T4,FloydWarshallTest,9,129,0,0,2,25,1,4,1,4
JaCoCo Coverage Report,Copilot.MergeSort.PromptOnly.T6,MergeSort,0,99,0,10,0,20,0,9,0,4
JaCoCo Coverage Report,Copilot.MergeSort.PromptOnly.T6,MergeSortTest,0,96,0,0,0,16,0,4,0,4
JaCoCo Coverage Report,ChatGPT.BinarySearch.BookExampleCode.T6,BinarySearchTest,0,128,0,0,0,16,0,4,0,4
JaCoCo Coverage Report,ChatGPT.BinarySearch.BookExampleCode.T6,BinarySearch,0,45,0,6,0,10,0,5,0,2
JaCoCo Coverage Report,ChatGPT.FloydWarshall.BookExampleCode.T5,FloydWarshallTest,0,206,0,0,0,34,0,5,0,5
JaCoCo Coverage Report,ChatGPT.FloydWarshall.BookExampleCode.T5,FloydWarshall,0,224,1,23,0,35,1,15,0,4
JaCoCo Coverage Report,ChatGPT.FloydWarshall.BookExampleCode.T4,FloydWarshallTest,55,189,0,0,9,40,0,4,0,4
JaCoCo Coverage Report,ChatGPT.FloydWarshall.BookExampleCode.T4,FloydWarshall,2,222,1,23,1,34,1,15,0,4
JaCoCo Coverage Report,ChatGPT.BinarySearch.BookExampleCode.T5,BinarySearchTest,0,131,0,2,0,21,0,5,0,4
JaCoCo Coverage Report,ChatGPT.BinarySearch.BookExampleCode.T5,BinarySearch,0,45,0,6,0,10,0,5,0,2
JaCoCo Coverage Report,ChatGPT.FloydWarshall.BookExampleCode.T7,FloydWarshall,2,222,2,22,1,34,2,14,0,4
JaCoCo Coverage Report,ChatGPT.FloydWarshall.BookExampleCode.T7,FloydWarshallTest,42,157,0,0,9,30,0,5,0,5
JaCoCo Coverage Report,ChatGPT.BinarySearch.BookExampleCode.T8,BinarySearch,5,40,1,5,0,10,1,4,0,2
JaCoCo Coverage Report,ChatGPT.BinarySearch.BookExampleCode.T8,BinarySearchTest,0,122,0,0,0,13,0,4,0,4
JaCoCo Coverage Report,Copilot.MergeSort.PromptOnly.T9,MergeSortTest,0,158,0,0,0,12,0,2,0,2
JaCoCo Coverage Report,Copilot.MergeSort.PromptOnly.T9,MergeSort,0,99,0,10,0,20,0,9,0,4
JaCoCo Coverage Report,ChatGPT.FloydWarshall.BookExampleCode.T6,FloydWarshall,0,224,1,23,0,35,1,15,0,4
JaCoCo Coverage Report,ChatGPT.FloydWarshall.BookExampleCode.T6,FloydWarshallTest,54,134,0,0,11,26,0,5,0,5
JaCoCo Coverage Report,ChatGPT.BinarySearch.BookExampleCode.T7,BinarySearchTest,0,129,0,0,0,15,0,6,0,6
JaCoCo Coverage Report,ChatGPT.BinarySearch.BookExampleCode.T7,BinarySearch,0,45,0,6,0,10,0,5,0,2
JaCoCo Coverage Report,ChatGPT.BinarySearch.BookExampleCode.T2,BinarySearch,0,45,0,6,0,10,0,5,0,2
JaCoCo Coverage Report,ChatGPT.BinarySearch.BookExampleCode.T2,BinarySearchTest,0,88,0,0,0,16,0,4,0,4
JaCoCo Coverage Report,ChatGPT.FloydWarshall.BookExampleCode.T1,FloydWarshall,0,224,1,23,0,35,1,15,0,4
JaCoCo Coverage Report,ChatGPT.FloydWarshall.BookExampleCode.T1,FloydWarshallTest,9,130,0,0,2,25,1,4,1,4
JaCoCo Coverage Report,ChatGPT.BinarySearch.BookExampleCode.T1,BinarySearch,0,45,0,6,0,10,0,5,0,2
JaCoCo Coverage Report,ChatGPT.BinarySearch.BookExampleCode.T1,BinarySearchTest,0,150,0,2,0,18,0,6,0,5
JaCoCo Coverage Report,ChatGPT.FloydWarshall.BookExampleCode.T3,FloydWarshallTest,18,121,0,0,4,23,2,3,2,3
JaCoCo Coverage Report,ChatGPT.FloydWarshall.BookExampleCode.T3,FloydWarshall,2,222,2,22,1,34,2,14,0,4
JaCoCo Coverage Report,ChatGPT.BinarySearch.BookExampleCode.T4,BinarySearch,0,45,0,6,0,10,0,5,0,2
JaCoCo Coverage Report,ChatGPT.BinarySearch.BookExampleCode.T4,BinarySearchTest,0,90,0,0,0,13,0,4,0,4
JaCoCo Coverage Report,ChatGPT.BinarySearch.BookExampleCode.T3,BinarySearch,0,45,0,6,0,10,0,5,0,2
JaCoCo Coverage Report,ChatGPT.BinarySearch.BookExampleCode.T3,BinarySearchTest,0,86,0,0,0,13,0,4,0,4
JaCoCo Coverage Report,ChatGPT.FloydWarshall.BookExampleCode.T2,FloydWarshall,0,224,1,23,0,35,1,15,0,4
JaCoCo Coverage Report,ChatGPT.FloydWarshall.BookExampleCode.T2,FloydWarshallTest,10,183,0,0,2,33,0,5,0,5
JaCoCo Coverage Report,ChatGPT.BinarySearch.BookExampleCode.T9,BinarySearch,0,45,0,6,0,10,0,5,0,2
JaCoCo Coverage Report,ChatGPT.BinarySearch.BookExampleCode.T9,BinarySearchTest,0,93,0,0,0,15,0,5,0,5
JaCoCo Coverage Report,ChatGPT.Kruskal.AIGenerated.T10,Kruskal.Edge,0,18,0,0,0,6,0,2,0,2
JaCoCo Coverage Report,ChatGPT.Kruskal.AIGenerated.T10,KruskalTest,0,196,0,0,0,13,0,4,0,4
JaCoCo Coverage Report,ChatGPT.Kruskal.AIGenerated.T10,Kruskal,3,43,0,4,1,11,1,3,1,1
JaCoCo Coverage Report,ChatGPT.Kruskal.AIGenerated.T10,Kruskal.DisjointSet,0,67,1,7,0,14,1,7,0,4
JaCoCo Coverage Report,ChatGPT.Dijkstra.AIGenerated.T10,Dijkstra,1,131,1,13,1,29,1,9,0,3
JaCoCo Coverage Report,ChatGPT.Dijkstra.AIGenerated.T10,Dijkstra.Edge,0,12,0,0,0,5,0,1,0,1
JaCoCo Coverage Report,ChatGPT.Dijkstra.AIGenerated.T10,Dijkstra.Node,0,9,0,0,0,4,0,1,0,1
JaCoCo Coverage Report,ChatGPT.Dijkstra.AIGenerated.T10,DijkstraTest,57,322,0,0,9,20,0,5,0,5
JaCoCo Coverage Report,Copilot.MergeSort.BookExampleCode.T8,MergeSort,0,99,0,10,0,20,0,9,0,4
JaCoCo Coverage Report,Copilot.MergeSort.BookExampleCode.T8,MergeSortTest,0,110,0,0,0,19,0,4,0,4
JaCoCo Coverage Report,Copilot.BellmanFord.AIGenerated.T9,BellmanFordTest,83,179,0,0,11,8,0,4,0,4
JaCoCo Coverage Report,Copilot.BellmanFord.AIGenerated.T9,BellmanFord.Edge,0,12,0,0,0,5,0,1,0,1
JaCoCo Coverage Report,Copilot.BellmanFord.AIGenerated.T9,BellmanFord,3,112,0,16,1,16,1,9,1,1
JaCoCo Coverage Report,Copilot.BellmanFord.PromptOnly.T8,BellmanFord.Edge,0,12,0,0,0,5,0,1,0,1
JaCoCo Coverage Report,Copilot.BellmanFord.PromptOnly.T8,BellmanFord,12,128,1,19,2,25,2,10,1,1
JaCoCo Coverage Report,Copilot.BellmanFord.PromptOnly.T8,BellmanFordTest,8,243,0,0,4,17,0,4,0,4
JaCoCo Coverage Report,Copilot.MergeSort.BookExampleCode.T7,MergeSort,0,99,0,10,0,20,0,9,0,4
JaCoCo Coverage Report,Copilot.MergeSort.BookExampleCode.T7,MergeSortTest,0,128,0,0,0,16,0,4,0,4
JaCoCo Coverage Report,Copilot.BellmanFord.AIGenerated.T8,BellmanFord.Edge,0,12,0,0,0,5,0,1,0,1
JaCoCo Coverage Report,Copilot.BellmanFord.AIGenerated.T8,BellmanFord,3,112,0,16,1,16,1,9,1,1
JaCoCo Coverage Report,Copilot.BellmanFord.AIGenerated.T8,BellmanFordTest,83,188,0,0,11,8,0,4,0,4
JaCoCo Coverage Report,Copilot.BellmanFord.PromptOnly.T7,BellmanFord.Edge,0,12,0,0,0,5,0,1,0,1
JaCoCo Coverage Report,Copilot.BellmanFord.PromptOnly.T7,BellmanFord,5,135,4,16,2,25,5,7,1,1
JaCoCo Coverage Report,Copilot.BellmanFord.PromptOnly.T7,BellmanFordTest,138,98,0,0,18,5,0,4,0,4
JaCoCo Coverage Report,Copilot.EgyptianFractions.BookExampleCode.T10,EgyptianFractions,4,69,2,4,1,10,2,3,0,2
JaCoCo Coverage Report,Copilot.EgyptianFractions.BookExampleCode.T10,EgyptianFractionsTest,13,83,0,0,3,16,0,4,0,4
JaCoCo Coverage Report,Copilot.Dijkstra.AIGenerated.T1,Dijkstra.Edge,0,12,0,0,0,5,0,1,0,1
JaCoCo Coverage Report,Copilot.Dijkstra.AIGenerated.T1,Dijkstra.Node,0,9,0,0,0,4,0,1,0,1
JaCoCo Coverage Report,Copilot.Dijkstra.AIGenerated.T1,Dijkstra,0,85,0,8,0,18,0,6,0,2
JaCoCo Coverage Report,Copilot.Dijkstra.AIGenerated.T1,DijkstraTest,0,266,0,0,0,25,0,4,0,4
JaCoCo Coverage Report,Copilot.Dijkstra.AIGenerated.T1,Dijkstra.new Comparator() {...},0,22,0,4,0,6,0,4,0,2
JaCoCo Coverage Report,Copilot.BellmanFord.PromptOnly.T6,BellmanFord,12,128,1,19,2,25,2,10,1,1
JaCoCo Coverage Report,Copilot.BellmanFord.PromptOnly.T6,BellmanFord.Edge,0,12,0,0,0,5,0,1,0,1
JaCoCo Coverage Report,Copilot.BellmanFord.PromptOnly.T6,BellmanFordTest,16,246,4,0,0,22,2,5,0,5
JaCoCo Coverage Report,Copilot.BellmanFord.PromptOnly.T5,BellmanFordTest,92,170,0,0,12,7,0,4,0,4
JaCoCo Coverage Report,Copilot.BellmanFord.PromptOnly.T5,BellmanFord.Edge,0,12,0,0,0,5,0,1,0,1
JaCoCo Coverage Report,Copilot.BellmanFord.PromptOnly.T5,BellmanFord,12,128,1,19,2,25,2,10,1,1
JaCoCo Coverage Report,Copilot.MergeSort.BookExampleCode.T9,MergeSort,0,99,0,10,0,20,0,9,0,4
JaCoCo Coverage Report,Copilot.MergeSort.BookExampleCode.T9,MergeSortTest,0,155,0,0,0,18,0,5,0,5
JaCoCo Coverage Report,Copilot.MergeSort.PromptOnly.T10,MergeSortTest,0,206,0,0,0,14,0,2,0,2
JaCoCo Coverage Report,Copilot.MergeSort.PromptOnly.T10,MergeSort,99,0,10,0,20,0,9,0,4,0
JaCoCo Coverage Report,ChatGPT.MergeSort.BookExampleCode.T7,MergeSort,0,99,0,10,0,20,0,9,0,4
JaCoCo Coverage Report,ChatGPT.MergeSort.BookExampleCode.T7,MergeSortTest,0,199,0,0,0,25,0,5,0,5
JaCoCo Coverage Report,Copilot.Dijkstra.AIGenerated.T3,Dijkstra.new Comparator() {...},0,22,0,4,0,6,0,4,0,2
JaCoCo Coverage Report,Copilot.Dijkstra.AIGenerated.T3,Dijkstra.Edge,0,12,0,0,0,5,0,1,0,1
JaCoCo Coverage Report,Copilot.Dijkstra.AIGenerated.T3,Dijkstra.Node,0,9,0,0,0,4,0,1,0,1
JaCoCo Coverage Report,Copilot.Dijkstra.AIGenerated.T3,DijkstraTest,0,276,0,0,0,23,0,4,0,4
JaCoCo Coverage Report,Copilot.Dijkstra.AIGenerated.T3,Dijkstra,0,85,0,8,0,18,0,6,0,2
JaCoCo Coverage Report,Copilot.BellmanFord.AIGenerated.T5,BellmanFord.Edge,0,12,0,0,0,5,0,1,0,1
JaCoCo Coverage Report,Copilot.BellmanFord.AIGenerated.T5,BellmanFordTest,8,248,0,0,4,19,0,4,0,4
JaCoCo Coverage Report,Copilot.BellmanFord.AIGenerated.T5,BellmanFord,3,112,0,16,1,16,1,9,1,1
JaCoCo Coverage Report,Copilot.Dijkstra.AIGenerated.T2,Dijkstra.Edge,0,12,0,0,0,5,0,1,0,1
JaCoCo Coverage Report,Copilot.Dijkstra.AIGenerated.T2,Dijkstra.new Comparator() {...},0,22,0,4,0,6,0,4,0,2
JaCoCo Coverage Report,Copilot.Dijkstra.AIGenerated.T2,Dijkstra,0,85,0,8,0,18,0,6,0,2
JaCoCo Coverage Report,Copilot.Dijkstra.AIGenerated.T2,DijkstraTest,0,253,0,0,0,24,0,4,0,4
JaCoCo Coverage Report,Copilot.Dijkstra.AIGenerated.T2,Dijkstra.Node,0,9,0,0,0,4,0,1,0,1
JaCoCo Coverage Report,Copilot.BellmanFord.AIGenerated.T4,BellmanFordTest,8,239,0,0,4,19,0,4,0,4
JaCoCo Coverage Report,Copilot.BellmanFord.AIGenerated.T4,BellmanFord,3,112,0,16,1,16,1,9,1,1
JaCoCo Coverage Report,Copilot.BellmanFord.AIGenerated.T4,BellmanFord.Edge,0,12,0,0,0,5,0,1,0,1
JaCoCo Coverage Report,ChatGPT.MergeSort.BookExampleCode.T6,MergeSort,0,99,0,10,0,20,0,9,0,4
JaCoCo Coverage Report,ChatGPT.MergeSort.BookExampleCode.T6,MergeSortTest,0,142,0,0,0,19,0,4,0,4
JaCoCo Coverage Report,Copilot.Dijkstra.AIGenerated.T5,Dijkstra.Edge,0,12,0,0,0,5,0,1,0,1
JaCoCo Coverage Report,Copilot.Dijkstra.AIGenerated.T5,Dijkstra.new Comparator() {...},0,22,0,4,0,6,0,4,0,2
JaCoCo Coverage Report,Copilot.Dijkstra.AIGenerated.T5,Dijkstra.Node,0,9,0,0,0,4,0,1,0,1
JaCoCo Coverage Report,Copilot.Dijkstra.AIGenerated.T5,Dijkstra,0,85,0,8,0,18,0,6,0,2
JaCoCo Coverage Report,Copilot.Dijkstra.AIGenerated.T5,DijkstraTest,0,263,0,0,0,21,0,4,0,4
JaCoCo Coverage Report,Copilot.BellmanFord.AIGenerated.T7,BellmanFord.Edge,0,12,0,0,0,5,0,1,0,1
JaCoCo Coverage Report,Copilot.BellmanFord.AIGenerated.T7,BellmanFord,3,112,0,16,1,16,1,9,1,1
JaCoCo Coverage Report,Copilot.BellmanFord.AIGenerated.T7,BellmanFordTest,83,179,0,0,11,8,0,4,0,4
JaCoCo Coverage Report,ChatGPT.MergeSort.BookExampleCode.T9,MergeSort,0,99,0,10,0,20,0,9,0,4
JaCoCo Coverage Report,ChatGPT.MergeSort.BookExampleCode.T9,MergeSortTest,0,191,0,0,0,25,0,5,0,5
JaCoCo Coverage Report,Copilot.Dijkstra.AIGenerated.T4,Dijkstra.new Comparator() {...},0,22,0,4,0,6,0,4,0,2
JaCoCo Coverage Report,Copilot.Dijkstra.AIGenerated.T4,DijkstraTest,0,259,0,0,0,20,0,4,0,4
JaCoCo Coverage Report,Copilot.Dijkstra.AIGenerated.T4,Dijkstra.Edge,0,12,0,0,0,5,0,1,0,1
JaCoCo Coverage Report,Copilot.Dijkstra.AIGenerated.T4,Dijkstra.Node,0,9,0,0,0,4,0,1,0,1
JaCoCo Coverage Report,Copilot.Dijkstra.AIGenerated.T4,Dijkstra,0,85,0,8,0,18,0,6,0,2
JaCoCo Coverage Report,Copilot.BellmanFord.AIGenerated.T6,BellmanFord,115,0,16,0,17,0,10,0,2,0
JaCoCo Coverage Report,Copilot.BellmanFord.AIGenerated.T6,BellmanFord.Edge,0,12,0,0,0,5,0,1,0,1
JaCoCo Coverage Report,Copilot.BellmanFord.AIGenerated.T6,BellmanFordTest,0,207,0,0,0,7,0,4,0,4
JaCoCo Coverage Report,ChatGPT.MergeSort.BookExampleCode.T8,MergeSortTest,0,142,0,0,0,19,0,4,0,4
JaCoCo Coverage Report,ChatGPT.MergeSort.BookExampleCode.T8,MergeSort,0,99,0,10,0,20,0,9,0,4
JaCoCo Coverage Report,Copilot.BellmanFord.PromptOnly.T9,BellmanFord,12,128,1,19,2,25,2,10,1,1
JaCoCo Coverage Report,Copilot.BellmanFord.PromptOnly.T9,BellmanFordTest,92,161,0,0,12,7,0,4,0,4
JaCoCo Coverage Report,Copilot.BellmanFord.PromptOnly.T9,BellmanFord.Edge,0,12,0,0,0,5,0,1,0,1
JaCoCo Coverage Report,ChatGPT.MergeSort.BookExampleCode.T3,MergeSortTest,0,134,0,0,0,19,0,4,0,4
JaCoCo Coverage Report,ChatGPT.MergeSort.BookExampleCode.T3,MergeSort,0,99,0,10,0,20,0,9,0,4
JaCoCo Coverage Report,Copilot.BellmanFord.AIGenerated.T1,BellmanFord.Edge,0,12,0,0,0,5,0,1,0,1
JaCoCo Coverage Report,Copilot.BellmanFord.AIGenerated.T1,BellmanFordTest,8,248,0,0,4,19,0,4,0,4
JaCoCo Coverage Report,Copilot.BellmanFord.AIGenerated.T1,BellmanFord,3,112,0,16,1,16,1,9,1,1
JaCoCo Coverage Report,ChatGPT.MergeSort.BookExampleCode.T2,MergeSort,0,99,0,10,0,20,0,9,0,4
JaCoCo Coverage Report,ChatGPT.MergeSort.BookExampleCode.T2,MergeSortTest,0,239,0,0,0,25,0,5,0,5
JaCoCo Coverage Report,Copilot.BellmanFord.AIGenerated.T3,BellmanFordTest,83,170,0,0,11,8,0,4,0,4
JaCoCo Coverage Report,Copilot.BellmanFord.AIGenerated.T3,BellmanFord,3,112,0,16,1,16,1,9,1,1
JaCoCo Coverage Report,Copilot.BellmanFord.AIGenerated.T3,BellmanFord.Edge,0,12,0,0,0,5,0,1,0,1
JaCoCo Coverage Report,ChatGPT.MergeSort.BookExampleCode.T5,MergeSortTest,0,142,0,0,0,19,0,4,0,4
JaCoCo Coverage Report,ChatGPT.MergeSort.BookExampleCode.T5,MergeSort,0,99,0,10,0,20,0,9,0,4
JaCoCo Coverage Report,Copilot.BellmanFord.AIGenerated.T2,BellmanFord.Edge,0,12,0,0,0,5,0,1,0,1
JaCoCo Coverage Report,Copilot.BellmanFord.AIGenerated.T2,BellmanFordTest,14,247,0,0,4,17,0,4,0,4
JaCoCo Coverage Report,Copilot.BellmanFord.AIGenerated.T2,BellmanFord,3,112,0,16,1,16,1,9,1,1
JaCoCo Coverage Report,ChatGPT.MergeSort.BookExampleCode.T4,MergeSortTest,0,142,0,0,0,19,0,4,0,4
JaCoCo Coverage Report,ChatGPT.MergeSort.BookExampleCode.T4,MergeSort,0,99,0,10,0,20,0,9,0,4
JaCoCo Coverage Report,Copilot.BinarySearch.PromptOnly.T10,BinarySearchTest,0,147,0,0,0,19,0,4,0,4
JaCoCo Coverage Report,Copilot.BinarySearch.PromptOnly.T10,BinarySearch,0,45,0,6,0,10,0,5,0,2
JaCoCo Coverage Report,ChatGPT.MergeSort.BookExampleCode.T1,MergeSortTest,0,174,0,0,0,19,0,4,0,4
JaCoCo Coverage Report,ChatGPT.MergeSort.BookExampleCode.T1,MergeSort,0,99,0,10,0,20,0,9,0,4
JaCoCo Coverage Report,Copilot.QuickSort.PromptOnly.T10,QuickSortTest,0,158,0,0,0,12,0,2,0,2
JaCoCo Coverage Report,Copilot.QuickSort.PromptOnly.T10,QuickSort,0,88,0,6,0,20,0,8,0,5
JaCoCo Coverage Report,ChatGPT.FloydWarshall.AIGenerated.T9,FloydWarshallTest,30,163,0,0,5,31,0,5,0,5
JaCoCo Coverage Report,ChatGPT.FloydWarshall.AIGenerated.T9,FloydWarshall,0,201,0,22,0,30,0,15,0,4
JaCoCo Coverage Report,Copilot.BreadthFirstSearch.AIGenerated.T10,Graph,0,100,0,8,0,24,0,7,0,3
JaCoCo Coverage Report,Copilot.BreadthFirstSearch.AIGenerated.T10,GraphTest,0,67,0,0,0,12,0,2,0,2
JaCoCo Coverage Report,Copilot.Kruskal.BookExampleCode.T9,KruskalTest,4,240,0,0,2,7,0,3,0,3
JaCoCo Coverage Report,Copilot.Kruskal.BookExampleCode.T9,Kruskal,3,56,0,4,1,14,1,4,1,2
JaCoCo Coverage Report,Copilot.Kruskal.BookExampleCode.T9,Kruskal.DisjointSet,0,62,0,4,0,12,0,6,0,4
JaCoCo Coverage Report,Copilot.Kruskal.BookExampleCode.T9,Kruskal.Edge,0,20,0,0,0,6,0,2,0,2
JaCoCo Coverage Report,ChatGPT.MergeSort.AIGenerated.T1,MergeSort,0,121,1,15,0,29,1,11,0,4
JaCoCo Coverage Report,ChatGPT.MergeSort.AIGenerated.T1,MergeSortTest,0,134,0,0,0,19,0,4,0,4
JaCoCo Coverage Report,Copilot.FloydWarshall.AIGenerated.T2,FloydWarshall,4,211,2,22,2,32,2,14,0,4
JaCoCo Coverage Report,Copilot.FloydWarshall.AIGenerated.T2,FloydWarshallTest,68,123,0,0,11,27,0,4,0,4
JaCoCo Coverage Report,Copilot.Knapsack.PromptOnly.T1,Knapsack,0,97,0,10,0,10,0,7,0,2
JaCoCo Coverage Report,Copilot.Knapsack.PromptOnly.T1,KnapsackTest,0,46,0,0,0,6,0,2,0,2
JaCoCo Coverage Report,Copilot.Kruskal.BookExampleCode.T8,Kruskal.Edge,0,20,0,0,0,6,0,2,0,2
JaCoCo Coverage Report,Copilot.Kruskal.BookExampleCode.T8,KruskalTest,0,221,0,0,0,14,0,3,0,3
JaCoCo Coverage Report,Copilot.Kruskal.BookExampleCode.T8,Kruskal,3,56,0,4,1,14,1,4,1,2
JaCoCo Coverage Report,Copilot.Kruskal.BookExampleCode.T8,Kruskal.DisjointSet,0,62,0,4,0,12,0,6,0,4
JaCoCo Coverage Report,Copilot.Knapsack.PromptOnly.T2,KnapsackTest,0,132,0,0,0,16,0,4,0,4
JaCoCo Coverage Report,Copilot.Knapsack.PromptOnly.T2,Knapsack,0,97,0,10,0,10,0,7,0,2
JaCoCo Coverage Report,ChatGPT.MergeSort.AIGenerated.T2,MergeSort,0,121,1,15,0,29,1,11,0,4
JaCoCo Coverage Report,ChatGPT.MergeSort.AIGenerated.T2,MergeSortTest,0,239,0,0,0,25,0,5,0,5
JaCoCo Coverage Report,Copilot.FloydWarshall.AIGenerated.T3,FloydWarshall,4,211,2,22,2,32,2,14,0,4
JaCoCo Coverage Report,Copilot.FloydWarshall.AIGenerated.T3,FloydWarshallTest,0,191,0,0,0,35,0,4,0,4
JaCoCo Coverage Report,Copilot.Kruskal.BookExampleCode.T7,KruskalTest,4,231,0,0,2,7,0,3,0,3
JaCoCo Coverage Report,Copilot.Kruskal.BookExampleCode.T7,Kruskal.Edge,0,20,0,0,0,6,0,2,0,2
JaCoCo Coverage Report,Copilot.Kruskal.BookExampleCode.T7,Kruskal,3,56,0,4,1,14,1,4,1,2
JaCoCo Coverage Report,Copilot.Kruskal.BookExampleCode.T7,Kruskal.DisjointSet,0,62,0,4,0,12,0,6,0,4
JaCoCo Coverage Report,Copilot.FloydWarshall.AIGenerated.T4,FloydWarshallTest,82,130,0,0,14,24,0,5,0,5
JaCoCo Coverage Report,Copilot.FloydWarshall.AIGenerated.T4,FloydWarshall,2,213,1,23,1,33,1,15,0,4
JaCoCo Coverage Report,Copilot.Knapsack.PromptOnly.T3,Knapsack,97,0,10,0,10,0,7,0,2,0
JaCoCo Coverage Report,Copilot.Knapsack.PromptOnly.T3,KnapsackTest,139,3,0,0,7,1,1,1,1,1
JaCoCo Coverage Report,Copilot.Knapsack.PromptOnly.T4,KnapsackTest,0,100,0,0,0,13,0,2,0,2
JaCoCo Coverage Report,Copilot.Knapsack.PromptOnly.T4,Knapsack,0,97,0,10,0,10,0,7,0,2
JaCoCo Coverage Report,Copilot.Kruskal.BookExampleCode.T6,Kruskal.Edge,8,12,0,0,1,5,1,1,1,1
JaCoCo Coverage Report,Copilot.Kruskal.BookExampleCode.T6,Kruskal,3,56,0,4,1,14,1,4,1,2
JaCoCo Coverage Report,Copilot.Kruskal.BookExampleCode.T6,Kruskal.DisjointSet,0,62,0,4,0,12,0,6,0,4
JaCoCo Coverage Report,Copilot.Kruskal.BookExampleCode.T6,KruskalTest,0,234,0,0,0,11,0,4,0,4
JaCoCo Coverage Report,Copilot.FloydWarshall.AIGenerated.T5,FloydWarshall,44,171,6,18,11,23,4,12,1,3
JaCoCo Coverage Report,Copilot.FloydWarshall.AIGenerated.T5,FloydWarshallTest,199,55,0,0,23,12,0,2,0,2
JaCoCo Coverage Report,Copilot.Kruskal.BookExampleCode.T5,KruskalTest,41,123,0,0,6,5,0,2,0,2
JaCoCo Coverage Report,Copilot.Kruskal.BookExampleCode.T5,Kruskal.DisjointSet,0,62,0,4,0,12,0,6,0,4
JaCoCo Coverage Report,Copilot.Kruskal.BookExampleCode.T5,Kruskal,3,56,0,4,1,14,1,4,1,2
JaCoCo Coverage Report,Copilot.Kruskal.BookExampleCode.T5,Kruskal.Edge,8,12,0,0,1,5,1,1,1,1
JaCoCo Coverage Report,ChatGPT.BreadthFirstSearch.AIGenerated.T3,Graph,0,109,0,10,0,25,0,8,0,3
JaCoCo Coverage Report,ChatGPT.BreadthFirstSearch.AIGenerated.T3,GraphTest,8,140,0,0,4,17,0,5,0,5
JaCoCo Coverage Report,Copilot.FloydWarshall.AIGenerated.T6,FloydWarshallTest,122,113,0,0,14,22,0,5,0,5
JaCoCo Coverage Report,Copilot.FloydWarshall.AIGenerated.T6,FloydWarshall,44,171,6,18,11,23,4,12,1,3
JaCoCo Coverage Report,Copilot.Knapsack.PromptOnly.T5,KnapsackTest,0,54,0,0,0,6,0,2,0,2
JaCoCo Coverage Report,Copilot.Knapsack.PromptOnly.T5,Knapsack,0,97,0,10,0,10,0,7,0,2
JaCoCo Coverage Report,ChatGPT.MergeSort.AIGenerated.T5,MergeSort,0,121,1,15,0,29,1,11,0,4
JaCoCo Coverage Report,ChatGPT.MergeSort.AIGenerated.T5,MergeSortTest,0,185,0,0,0,23,0,6,0,6
JaCoCo Coverage Report,Copilot.Knapsack.PromptOnly.T6,KnapsackTest,6,195,0,0,2,23,0,4,0,4
JaCoCo Coverage Report,Copilot.Knapsack.PromptOnly.T6,Knapsack,0,97,0,10,0,10,0,7,0,2
JaCoCo Coverage Report,Copilot.Kruskal.BookExampleCode.T4,Kruskal.Edge,8,12,0,0,1,5,1,1,1,1
JaCoCo Coverage Report,Copilot.Kruskal.BookExampleCode.T4,Kruskal,3,56,0,4,1,14,1,4,1,2
JaCoCo Coverage Report,Copilot.Kruskal.BookExampleCode.T4,Kruskal.DisjointSet,0,62,0,4,0,12,0,6,0,4
JaCoCo Coverage Report,Copilot.Kruskal.BookExampleCode.T4,KruskalTest,9,239,0,0,2,15,0,3,0,3
JaCoCo Coverage Report,ChatGPT.BreadthFirstSearch.AIGenerated.T4,GraphTest,8,140,0,0,4,17,0,5,0,5
JaCoCo Coverage Report,ChatGPT.BreadthFirstSearch.AIGenerated.T4,Graph,0,109,0,10,0,25,0,8,0,3
JaCoCo Coverage Report,Copilot.FloydWarshall.AIGenerated.T7,FloydWarshall,4,211,2,22,2,32,2,14,0,4
JaCoCo Coverage Report,Copilot.FloydWarshall.AIGenerated.T7,FloydWarshallTest,0,203,0,0,0,37,0,5,0,5
JaCoCo Coverage Report,ChatGPT.MergeSort.AIGenerated.T6,MergeSort,0,121,1,15,0,29,1,11,0,4
JaCoCo Coverage Report,ChatGPT.MergeSort.AIGenerated.T6,MergeSortTest,0,199,0,0,0,25,0,5,0,5
JaCoCo Coverage Report,Copilot.Kruskal.BookExampleCode.T3,KruskalTest,4,231,0,0,2,7,0,3,0,3
JaCoCo Coverage Report,Copilot.Kruskal.BookExampleCode.T3,Kruskal.DisjointSet,0,62,0,4,0,12,0,6,0,4
JaCoCo Coverage Report,Copilot.Kruskal.BookExampleCode.T3,Kruskal,3,56,0,4,1,14,1,4,1,2
JaCoCo Coverage Report,Copilot.Kruskal.BookExampleCode.T3,Kruskal.Edge,0,20,0,0,0,6,0,2,0,2
JaCoCo Coverage Report,ChatGPT.DepthFirstSearch.PromptOnly.T10,DepthFirstSearchTest,85,125,0,0,12,8,1,4,1,4
JaCoCo Coverage Report,ChatGPT.DepthFirstSearch.PromptOnly.T10,DepthFirstSearch.Edge,0,9,0,0,0,4,0,1,0,1
JaCoCo Coverage Report,ChatGPT.DepthFirstSearch.PromptOnly.T10,DepthFirstSearch,35,65,4,4,7,13,3,3,1,1
JaCoCo Coverage Report,ChatGPT.BreadthFirstSearch.AIGenerated.T1,GraphTest,8,140,0,0,4,17,0,5,0,5
JaCoCo Coverage Report,ChatGPT.BreadthFirstSearch.AIGenerated.T1,Graph,0,109,0,10,0,25,0,8,0,3
JaCoCo Coverage Report,ChatGPT.MergeSort.AIGenerated.T3,MergeSort,1,120,2,14,1,28,2,10,0,4
JaCoCo Coverage Report,ChatGPT.MergeSort.AIGenerated.T3,MergeSortTest,0,212,0,0,0,15,0,2,0,2
JaCoCo Coverage Report,Copilot.FloydWarshall.AIGenerated.T8,FloydWarshallTest,0,199,0,0,0,36,0,5,0,5
JaCoCo Coverage Report,Copilot.FloydWarshall.AIGenerated.T8,FloydWarshall,4,211,2,22,2,32,2,14,0,4
JaCoCo Coverage Report,Copilot.Knapsack.PromptOnly.T7,Knapsack,0,97,0,10,0,10,0,7,0,2
JaCoCo Coverage Report,Copilot.Knapsack.PromptOnly.T7,KnapsackTest,5,157,0,0,2,17,0,4,0,4
JaCoCo Coverage Report,ChatGPT.BreadthFirstSearch.AIGenerated.T2,GraphTest,58,84,0,0,4,14,0,5,0,5
JaCoCo Coverage Report,ChatGPT.BreadthFirstSearch.AIGenerated.T2,Graph,0,109,0,10,0,25,0,8,0,3
JaCoCo Coverage Report,Copilot.Kruskal.BookExampleCode.T2,Kruskal.Edge,0,20,0,0,0,6,0,2,0,2
JaCoCo Coverage Report,Copilot.Kruskal.BookExampleCode.T2,Kruskal,3,56,0,4,1,14,1,4,1,2
JaCoCo Coverage Report,Copilot.Kruskal.BookExampleCode.T2,KruskalTest,4,173,0,0,2,5,0,2,0,2
JaCoCo Coverage Report,Copilot.Kruskal.BookExampleCode.T2,Kruskal.DisjointSet,0,62,0,4,0,12,0,6,0,4
JaCoCo Coverage Report,Copilot.Knapsack.PromptOnly.T8,KnapsackTest,18,153,0,0,6,16,0,4,0,4
JaCoCo Coverage Report,Copilot.Knapsack.PromptOnly.T8,Knapsack,0,97,0,10,0,10,0,7,0,2
JaCoCo Coverage Report,ChatGPT.MergeSort.AIGenerated.T4,MergeSortTest,0,191,0,0,0,25,0,5,0,5
JaCoCo Coverage Report,ChatGPT.MergeSort.AIGenerated.T4,MergeSort,0,121,1,15,0,29,1,11,0,4
JaCoCo Coverage Report,Copilot.FloydWarshall.AIGenerated.T9,FloydWarshall,44,171,6,18,11,23,4,12,1,3
JaCoCo Coverage Report,Copilot.FloydWarshall.AIGenerated.T9,FloydWarshallTest,101,110,0,0,13,22,0,3,0,3
JaCoCo Coverage Report,Copilot.FloydWarshall.AIGenerated.T10,FloydWarshall,44,171,6,18,11,23,4,12,1,3
JaCoCo Coverage Report,Copilot.FloydWarshall.AIGenerated.T10,FloydWarshallTest,190,64,0,0,22,13,0,2,0,2
JaCoCo Coverage Report,ChatGPT.BreadthFirstSearch.AIGenerated.T7,Graph,0,109,0,10,0,25,0,8,0,3
JaCoCo Coverage Report,ChatGPT.BreadthFirstSearch.AIGenerated.T7,GraphTest,8,140,0,0,4,17,0,5,0,5
JaCoCo Coverage Report,ChatGPT.BreadthFirstSearch.AIGenerated.T8,Graph,0,109,0,10,0,25,0,8,0,3
JaCoCo Coverage Report,ChatGPT.BreadthFirstSearch.AIGenerated.T8,GraphTest,8,140,0,0,4,17,0,5,0,5
JaCoCo Coverage Report,ChatGPT.BreadthFirstSearch.AIGenerated.T5,Graph,0,109,0,10,0,25,0,8,0,3
JaCoCo Coverage Report,ChatGPT.BreadthFirstSearch.AIGenerated.T5,GraphTest,0,127,0,0,0,24,0,4,0,4
JaCoCo Coverage Report,Copilot.MergeSort.BookExampleCode.T2,MergeSortTest,0,81,0,0,0,18,0,4,0,4
JaCoCo Coverage Report,Copilot.MergeSort.BookExampleCode.T2,MergeSort,0,99,2,8,0,20,2,7,0,4
JaCoCo Coverage Report,Copilot.MergeSort.BookExampleCode.T1,MergeSort,0,99,0,10,0,20,0,9,0,4
JaCoCo Coverage Report,Copilot.MergeSort.BookExampleCode.T1,MergeSortTest,0,123,0,0,0,21,0,5,0,5
JaCoCo Coverage Report,ChatGPT.BreadthFirstSearch.AIGenerated.T6,GraphTest,87,55,0,0,6,12,0,5,0,5
JaCoCo Coverage Report,ChatGPT.BreadthFirstSearch.AIGenerated.T6,Graph,0,109,0,10,0,25,0,8,0,3
JaCoCo Coverage Report,Copilot.BellmanFord.PromptOnly.T4,BellmanFord,12,128,1,19,2,25,2,10,1,1
JaCoCo Coverage Report,Copilot.BellmanFord.PromptOnly.T4,BellmanFordTest,8,233,0,0,4,21,0,4,0,4
JaCoCo Coverage Report,Copilot.BellmanFord.PromptOnly.T4,BellmanFord.Edge,0,12,0,0,0,5,0,1,0,1
JaCoCo Coverage Report,Copilot.MergeSort.BookExampleCode.T4,MergeSortTest,0,165,0,0,0,15,0,5,0,5
JaCoCo Coverage Report,Copilot.MergeSort.BookExampleCode.T4,MergeSort,0,99,0,10,0,20,0,9,0,4
JaCoCo Coverage Report,Copilot.BellmanFord.PromptOnly.T3,BellmanFord.Edge,0,12,0,0,0,5,0,1,0,1
JaCoCo Coverage Report,Copilot.BellmanFord.PromptOnly.T3,BellmanFordTest,74,179,0,0,10,7,0,4,0,4
JaCoCo Coverage Report,Copilot.BellmanFord.PromptOnly.T3,BellmanFord,12,128,1,19,2,25,2,10,1,1
JaCoCo Coverage Report,Copilot.MergeSort.BookExampleCode.T3,MergeSortTest,0,128,0,0,0,16,0,4,0,4
JaCoCo Coverage Report,Copilot.MergeSort.BookExampleCode.T3,MergeSort,0,99,0,10,0,20,0,9,0,4
JaCoCo Coverage Report,ChatGPT.BreadthFirstSearch.AIGenerated.T9,GraphTest,8,140,0,0,4,17,0,5,0,5
JaCoCo Coverage Report,ChatGPT.BreadthFirstSearch.AIGenerated.T9,Graph,0,109,0,10,0,25,0,8,0,3
JaCoCo Coverage Report,Copilot.MergeSort.BookExampleCode.T6,MergeSort,0,99,0,10,0,20,0,9,0,4
JaCoCo Coverage Report,Copilot.MergeSort.BookExampleCode.T6,MergeSortTest,16,78,0,0,4,9,0,5,0,5
JaCoCo Coverage Report,Copilot.BellmanFord.PromptOnly.T2,BellmanFord,12,128,1,19,2,25,2,10,1,1
JaCoCo Coverage Report,Copilot.BellmanFord.PromptOnly.T2,BellmanFordTest,83,179,0,0,11,7,0,4,0,4
JaCoCo Coverage Report,Copilot.BellmanFord.PromptOnly.T2,BellmanFord.Edge,0,12,0,0,0,5,0,1,0,1
JaCoCo Coverage Report,Copilot.BellmanFord.PromptOnly.T1,BellmanFord.Edge,0,12,0,0,0,5,0,1,0,1
JaCoCo Coverage Report,Copilot.BellmanFord.PromptOnly.T1,BellmanFordTest,72,160,0,0,12,11,0,4,0,4
JaCoCo Coverage Report,Copilot.BellmanFord.PromptOnly.T1,BellmanFord,12,128,1,19,2,25,2,10,1,1
JaCoCo Coverage Report,Copilot.MergeSort.BookExampleCode.T5,MergeSort,0,99,0,10,0,20,0,9,0,4
JaCoCo Coverage Report,Copilot.MergeSort.BookExampleCode.T5,MergeSortTest,0,285,0,0,0,15,0,5,0,5
JaCoCo Coverage Report,ChatGPT.Knapsack.BookExampleCode.T2,Knapsack,0,97,0,10,0,10,0,7,0,2
JaCoCo Coverage Report,ChatGPT.Knapsack.BookExampleCode.T2,KnapsackTest,6,179,0,0,2,23,0,4,0,4
JaCoCo Coverage Report,ChatGPT.Knapsack.BookExampleCode.T3,Knapsack,0,97,0,10,0,10,0,7,0,2
JaCoCo Coverage Report,ChatGPT.Knapsack.BookExampleCode.T3,KnapsackTest,12,157,0,0,4,21,0,4,0,4
JaCoCo Coverage Report,ChatGPT.Knapsack.BookExampleCode.T1,Knapsack,0,97,0,10,0,10,0,7,0,2
JaCoCo Coverage Report,ChatGPT.Knapsack.BookExampleCode.T1,KnapsackTest,27,84,0,0,8,13,0,2,0,2
JaCoCo Coverage Report,ChatGPT.Knapsack.BookExampleCode.T6,KnapsackTest,104,55,0,0,14,7,0,2,0,2
JaCoCo Coverage Report,ChatGPT.Knapsack.BookExampleCode.T6,Knapsack,0,97,0,10,0,10,0,7,0,2
JaCoCo Coverage Report,ChatGPT.Knapsack.BookExampleCode.T7,Knapsack,0,97,0,10,0,10,0,7,0,2
JaCoCo Coverage Report,ChatGPT.Knapsack.BookExampleCode.T7,KnapsackTest,6,107,0,0,2,23,0,4,0,4
JaCoCo Coverage Report,ChatGPT.Knapsack.BookExampleCode.T4,KnapsackTest,0,135,0,0,0,21,0,2,0,2
JaCoCo Coverage Report,ChatGPT.Knapsack.BookExampleCode.T4,Knapsack,0,97,0,10,0,10,0,7,0,2
JaCoCo Coverage Report,ChatGPT.Knapsack.BookExampleCode.T5,KnapsackTest,53,100,0,0,7,11,0,2,0,2
JaCoCo Coverage Report,ChatGPT.Knapsack.BookExampleCode.T5,Knapsack,0,97,0,10,0,10,0,7,0,2
JaCoCo Coverage Report,ChatGPT.FloydWarshall.AIGenerated.T10,FloydWarshall,0,201,0,22,0,30,0,15,0,4
JaCoCo Coverage Report,ChatGPT.FloydWarshall.AIGenerated.T10,FloydWarshallTest,24,158,0,0,5,31,0,5,0,5
JaCoCo Coverage Report,Copilot.Kruskal.BookExampleCode.T1,KruskalTest,55,176,0,0,7,7,0,3,0,3
JaCoCo Coverage Report,Copilot.Kruskal.BookExampleCode.T1,Kruskal.DisjointSet,0,62,0,4,0,12,0,6,0,4
JaCoCo Coverage Report,Copilot.Kruskal.BookExampleCode.T1,Kruskal,3,56,0,4,1,14,1,4,1,2
JaCoCo Coverage Report,Copilot.Kruskal.BookExampleCode.T1,Kruskal.Edge,8,12,0,0,1,5,1,1,1,1
JaCoCo Coverage Report,Copilot.Knapsack.PromptOnly.T9,Knapsack,0,97,0,10,0,10,0,7,0,2
JaCoCo Coverage Report,Copilot.Knapsack.PromptOnly.T9,KnapsackTest,6,171,0,0,2,23,0,4,0,4
JaCoCo Coverage Report,ChatGPT.Knapsack.BookExampleCode.T8,Knapsack,0,97,0,10,0,10,0,7,0,2
JaCoCo Coverage Report,ChatGPT.Knapsack.BookExampleCode.T8,KnapsackTest,6,171,0,0,2,23,0,4,0,4
JaCoCo Coverage Report,ChatGPT.Knapsack.BookExampleCode.T9,KnapsackTest,0,177,0,0,0,25,0,4,0,4
JaCoCo Coverage Report,ChatGPT.Knapsack.BookExampleCode.T9,Knapsack,0,97,0,10,0,10,0,7,0,2
JaCoCo Coverage Report,Copilot.FloydWarshall.AIGenerated.T1,FloydWarshall,44,171,6,18,11,23,4,12,1,3
JaCoCo Coverage Report,Copilot.FloydWarshall.AIGenerated.T1,FloydWarshallTest,154,80,0,0,18,17,0,3,0,3
JaCoCo Coverage Report,Copilot.DepthFirstSearch.AIGenerated.T2,DepthFirstSearch.Edge,0,9,0,0,0,4,0,1,0,1
JaCoCo Coverage Report,Copilot.DepthFirstSearch.AIGenerated.T2,DepthFirstSearchTest,51,234,0,0,4,11,0,4,0,4
JaCoCo Coverage Report,Copilot.DepthFirstSearch.AIGenerated.T2,DepthFirstSearch,0,94,0,8,0,17,0,6,0,2
JaCoCo Coverage Report,Copilot.FloydWarshall.BookExampleCode.T9,FloydWarshall,39,185,5,19,9,26,4,12,1,3
JaCoCo Coverage Report,Copilot.FloydWarshall.BookExampleCode.T9,FloydWarshallTest,145,100,0,0,17,17,0,2,0,2
JaCoCo Coverage Report,Copilot.DepthFirstSearch.AIGenerated.T1,DepthFirstSearch,0,94,0,8,0,17,0,6,0,2
JaCoCo Coverage Report,Copilot.DepthFirstSearch.AIGenerated.T1,DepthFirstSearch.Edge,0,9,0,0,0,4,0,1,0,1
JaCoCo Coverage Report,Copilot.DepthFirstSearch.AIGenerated.T1,DepthFirstSearchTest,4,132,0,0,2,8,0,2,0,2
JaCoCo Coverage Report,Copilot.DepthFirstSearch.AIGenerated.T4,DepthFirstSearchTest,6,247,0,0,2,26,0,4,0,4
JaCoCo Coverage Report,Copilot.DepthFirstSearch.AIGenerated.T4,DepthFirstSearch.Edge,0,9,0,0,0,4,0,1,0,1
JaCoCo Coverage Report,Copilot.DepthFirstSearch.AIGenerated.T4,DepthFirstSearch,0,94,0,8,0,17,0,6,0,2
JaCoCo Coverage Report,Copilot.DepthFirstSearch.AIGenerated.T3,DepthFirstSearch.Edge,9,0,0,0,4,0,1,0,1,0
JaCoCo Coverage Report,Copilot.DepthFirstSearch.AIGenerated.T3,DepthFirstSearch,81,13,8,0,13,4,5,1,1,1
JaCoCo Coverage Report,Copilot.DepthFirstSearch.AIGenerated.T3,DepthFirstSearchTest,94,2,0,0,11,1,1,1,1,1
JaCoCo Coverage Report,Copilot.BinarySearch.PromptOnly.T8,BinarySearchTest,63,0,0,0,10,0,2,0,2,0
JaCoCo Coverage Report,Copilot.BinarySearch.PromptOnly.T8,BinarySearch,45,0,6,0,10,0,5,0,2,0
JaCoCo Coverage Report,Copilot.BinarySearch.PromptOnly.T9,BinarySearch,0,45,0,6,0,10,0,5,0,2
JaCoCo Coverage Report,Copilot.BinarySearch.PromptOnly.T9,BinarySearchTest,0,76,0,0,0,10,0,2,0,2
JaCoCo Coverage Report,ChatGPT.DepthFirstSearch.AIGenerated.T7,DepthFirstSearch.Edge,0,9,0,0,0,4,0,1,0,1
JaCoCo Coverage Report,ChatGPT.DepthFirstSearch.AIGenerated.T7,DepthFirstSearchTest,12,184,0,0,4,15,0,5,0,5
JaCoCo Coverage Report,ChatGPT.DepthFirstSearch.AIGenerated.T7,DepthFirstSearch,0,102,1,9,0,19,1,6,0,2
JaCoCo Coverage Report,ChatGPT.DepthFirstSearch.AIGenerated.T6,DepthFirstSearchTest,15,153,0,0,5,14,0,5,0,5
JaCoCo Coverage Report,ChatGPT.DepthFirstSearch.AIGenerated.T6,DepthFirstSearch,0,102,1,9,0,19,1,6,0,2
JaCoCo Coverage Report,ChatGPT.DepthFirstSearch.AIGenerated.T6,DepthFirstSearch.Edge,0,9,0,0,0,4,0,1,0,1
JaCoCo Coverage Report,ChatGPT.EgyptianFractions.AIGenerated.T9,EgyptianFractions,5,56,2,4,1,10,2,3,0,2
JaCoCo Coverage Report,ChatGPT.EgyptianFractions.AIGenerated.T9,EgyptianFractionsTest,20,76,0,0,4,15,0,4,0,4
JaCoCo Coverage Report,ChatGPT.DepthFirstSearch.AIGenerated.T9,DepthFirstSearchTest,12,179,0,0,4,15,0,5,0,5
JaCoCo Coverage Report,ChatGPT.DepthFirstSearch.AIGenerated.T9,DepthFirstSearch.Edge,0,9,0,0,0,4,0,1,0,1
JaCoCo Coverage Report,ChatGPT.DepthFirstSearch.AIGenerated.T9,DepthFirstSearch,0,102,1,9,0,19,1,6,0,2
JaCoCo Coverage Report,ChatGPT.EgyptianFractions.AIGenerated.T8,EgyptianFractionsTest,31,65,0,0,7,14,0,5,0,5
JaCoCo Coverage Report,ChatGPT.EgyptianFractions.AIGenerated.T8,EgyptianFractions,5,56,2,4,1,10,2,3,0,2
JaCoCo Coverage Report,ChatGPT.DepthFirstSearch.AIGenerated.T8,DepthFirstSearch.Edge,0,9,0,0,0,4,0,1,0,1
JaCoCo Coverage Report,ChatGPT.DepthFirstSearch.AIGenerated.T8,DepthFirstSearchTest,12,179,0,0,4,15,0,5,0,5
JaCoCo Coverage Report,ChatGPT.DepthFirstSearch.AIGenerated.T8,DepthFirstSearch,0,102,1,9,0,19,1,6,0,2
JaCoCo Coverage Report,ChatGPT.EgyptianFractions.AIGenerated.T7,EgyptianFractionsTest,10,41,0,0,4,9,0,4,0,4
JaCoCo Coverage Report,ChatGPT.EgyptianFractions.AIGenerated.T7,EgyptianFractions,5,56,2,4,1,10,2,3,0,2
JaCoCo Coverage Report,ChatGPT.DepthFirstSearch.AIGenerated.T1,DepthFirstSearch,0,102,1,9,0,19,1,6,0,2
JaCoCo Coverage Report,ChatGPT.DepthFirstSearch.AIGenerated.T1,DepthFirstSearchTest,49,145,0,0,6,19,0,4,0,4
JaCoCo Coverage Report,ChatGPT.DepthFirstSearch.AIGenerated.T1,DepthFirstSearch.Edge,0,9,0,0,0,4,0,1,0,1
JaCoCo Coverage Report,ChatGPT.DepthFirstSearch.AIGenerated.T3,DepthFirstSearch.Edge,0,9,0,0,0,4,0,1,0,1
JaCoCo Coverage Report,ChatGPT.DepthFirstSearch.AIGenerated.T3,DepthFirstSearchTest,12,179,0,0,4,15,0,5,0,5
JaCoCo Coverage Report,ChatGPT.DepthFirstSearch.AIGenerated.T3,DepthFirstSearch,0,102,1,9,0,19,1,6,0,2
JaCoCo Coverage Report,ChatGPT.DepthFirstSearch.AIGenerated.T2,DepthFirstSearchTest,12,178,0,0,4,15,0,5,0,5
JaCoCo Coverage Report,ChatGPT.DepthFirstSearch.AIGenerated.T2,DepthFirstSearch,0,102,1,9,0,19,1,6,0,2
JaCoCo Coverage Report,ChatGPT.DepthFirstSearch.AIGenerated.T2,DepthFirstSearch.Edge,0,9,0,0,0,4,0,1,0,1
JaCoCo Coverage Report,ChatGPT.DepthFirstSearch.AIGenerated.T5,DepthFirstSearch.Edge,0,9,0,0,0,4,0,1,0,1
JaCoCo Coverage Report,ChatGPT.DepthFirstSearch.AIGenerated.T5,DepthFirstSearchTest,12,188,0,0,4,15,0,5,0,5
JaCoCo Coverage Report,ChatGPT.DepthFirstSearch.AIGenerated.T5,DepthFirstSearch,0,102,1,9,0,19,1,6,0,2
JaCoCo Coverage Report,ChatGPT.DepthFirstSearch.AIGenerated.T4,DepthFirstSearch.Edge,0,9,0,0,0,4,0,1,0,1
JaCoCo Coverage Report,ChatGPT.DepthFirstSearch.AIGenerated.T4,DepthFirstSearch,0,102,1,9,0,19,1,6,0,2
JaCoCo Coverage Report,ChatGPT.DepthFirstSearch.AIGenerated.T4,DepthFirstSearchTest,12,179,0,0,4,15,0,5,0,5
JaCoCo Coverage Report,ChatGPT.EgyptianFractions.AIGenerated.T2,EgyptianFractionsTest,64,57,0,0,12,10,0,5,0,5
JaCoCo Coverage Report,ChatGPT.EgyptianFractions.AIGenerated.T2,EgyptianFractions,5,56,2,4,1,10,2,3,0,2
JaCoCo Coverage Report,ChatGPT.EgyptianFractions.AIGenerated.T1,EgyptianFractions,5,56,2,4,1,10,2,3,0,2
JaCoCo Coverage Report,ChatGPT.EgyptianFractions.AIGenerated.T1,EgyptianFractionsTest,21,68,0,0,2,11,0,4,0,4
JaCoCo Coverage Report,ChatGPT.EgyptianFractions.AIGenerated.T6,EgyptianFractionsTest,47,53,0,0,9,10,0,5,0,5
JaCoCo Coverage Report,ChatGPT.EgyptianFractions.AIGenerated.T6,EgyptianFractions,5,56,2,4,1,10,2,3,0,2
JaCoCo Coverage Report,ChatGPT.EgyptianFractions.AIGenerated.T5,EgyptianFractionsTest,10,38,0,0,4,8,0,5,0,5
JaCoCo Coverage Report,ChatGPT.EgyptianFractions.AIGenerated.T5,EgyptianFractions,5,56,2,4,1,10,2,3,0,2
[...]
JaCoCo Coverage Report,Copilot.BellmanFord.BookExampleCode.T6,BellmanFord,12,128,1,19,2,25,2,10,1,1
JaCoCo Coverage Report,Copilot.BinaryToDecimal.AIGenerated.T2,BinaryToDecimal,0,9,0,0,0,3,0,2,0,2
JaCoCo Coverage Report,Copilot.BinaryToDecimal.AIGenerated.T2,BinaryToDecimalTest,0,36,0,0,0,10,0,4,0,4
JaCoCo Coverage Report,ChatGPT.MergeSort.PromptOnly.T10,MergeSort,0,99,0,10,0,20,0,9,0,4
JaCoCo Coverage Report,ChatGPT.MergeSort.PromptOnly.T10,MergeSortTest,0,128,0,0,0,16,0,4,0,4
JaCoCo Coverage Report,Copilot.BinaryToDecimal.AIGenerated.T1,BinaryToDecimalTest,0,16,0,0,0,5,0,2,0,2
JaCoCo Coverage Report,Copilot.BinaryToDecimal.AIGenerated.T1,BinaryToDecimal,0,9,0,0,0,3,0,2,0,2
JaCoCo Coverage Report,ChatGPT.QuickSort.PromptOnly.T10,QuickSortTest,2,151,1,3,1,18,1,6,0,5
JaCoCo Coverage Report,ChatGPT.QuickSort.PromptOnly.T10,QuickSort,0,88,0,6,0,20,0,8,0,5
JaCoCo Coverage Report,Copilot.BellmanFord.BookExampleCode.T5,BellmanFord,12,128,1,19,2,25,2,10,1,1
JaCoCo Coverage Report,Copilot.BellmanFord.BookExampleCode.T5,BellmanFordTest,84,170,0,0,12,7,0,4,0,4
JaCoCo Coverage Report,Copilot.BellmanFord.BookExampleCode.T5,BellmanFord.Edge,0,12,0,0,0,5,0,1,0,1
JaCoCo Coverage Report,Copilot.BellmanFord.BookExampleCode.T4,BellmanFord,12,128,1,19,2,25,2,10,1,1
JaCoCo Coverage Report,Copilot.BellmanFord.BookExampleCode.T4,BellmanFordTest,84,170,0,0,12,7,0,4,0,4
JaCoCo Coverage Report,Copilot.BellmanFord.BookExampleCode.T4,BellmanFord.Edge,0,12,0,0,0,5,0,1,0,1
JaCoCo Coverage Report,Copilot.BellmanFord.BookExampleCode.T3,BellmanFord.Edge,0,12,0,0,0,5,0,1,0,1
JaCoCo Coverage Report,Copilot.BellmanFord.BookExampleCode.T3,BellmanFordTest,75,179,0,0,11,7,0,4,0,4
JaCoCo Coverage Report,Copilot.BellmanFord.BookExampleCode.T3,BellmanFord,12,128,1,19,2,25,2,10,1,1
JaCoCo Coverage Report,ChatGPT.BreadthFirstSearch.BookExampleCode.T10,GraphTest,0,131,0,0,0,24,0,4,0,4
JaCoCo Coverage Report,ChatGPT.BreadthFirstSearch.BookExampleCode.T10,Graph,0,118,0,10,0,25,0,8,0,3
JaCoCo Coverage Report,ChatGPT.Knapsack.AIGenerated.T10,Knapsack,0,97,0,10,0,11,0,7,0,2
JaCoCo Coverage Report,ChatGPT.Knapsack.AIGenerated.T10,KnapsackTest,6,145,0,0,2,19,0,2,0,2
JaCoCo Coverage Report,ChatGPT.BinaryToDecimal.BookExampleCode.T10,BinaryToDecimal,0,33,0,4,0,8,0,4,0,2
JaCoCo Coverage Report,ChatGPT.BinaryToDecimal.BookExampleCode.T10,BinaryToDecimalTest,0,64,0,0,0,22,0,5,0,5
JaCoCo Coverage Report,ChatGPT.QuickSort.AIGenerated.T10,QuickSort,0,95,1,9,0,22,1,9,0,5
JaCoCo Coverage Report,ChatGPT.QuickSort.AIGenerated.T10,QuickSortTest,0,134,0,0,0,19,0,4,0,4
JaCoCo Coverage Report,Copilot.Dijkstra.PromptOnly.T10,DijkstraTest,0,262,0,0,0,16,0,4,0,4
JaCoCo Coverage Report,Copilot.Dijkstra.PromptOnly.T10,Dijkstra,4,251,3,23,2,42,3,14,0,4
JaCoCo Coverage Report,Copilot.Dijkstra.PromptOnly.T10,Dijkstra.Node,0,12,0,0,0,4,0,1,0,1
JaCoCo Coverage Report,Copilot.Dijkstra.PromptOnly.T10,Dijkstra.Edge,0,12,0,0,0,5,0,1,0,1
JaCoCo Coverage Report,Copilot.BreadthFirstSearch.PromptOnly.T4,Graph,0,118,0,10,0,25,0,8,0,3
JaCoCo Coverage Report,Copilot.BreadthFirstSearch.PromptOnly.T4,GraphTest,12,183,0,0,6,28,0,4,0,4
JaCoCo Coverage Report,Copilot.BreadthFirstSearch.PromptOnly.T3,GraphTest,4,222,0,0,2,41,0,5,0,5
JaCoCo Coverage Report,Copilot.BreadthFirstSearch.PromptOnly.T3,Graph,0,118,0,10,0,25,0,8,0,3
JaCoCo Coverage Report,Copilot.BreadthFirstSearch.PromptOnly.T2,Graph,118,0,10,0,25,0,8,0,3,0
JaCoCo Coverage Report,Copilot.BreadthFirstSearch.PromptOnly.T2,GraphTest,52,0,2,0,12,0,3,0,2,0
JaCoCo Coverage Report,Copilot.BreadthFirstSearch.PromptOnly.T1,Graph,0,118,0,10,0,25,0,8,0,3
JaCoCo Coverage Report,Copilot.BreadthFirstSearch.PromptOnly.T1,GraphTest,74,151,0,0,14,30,0,4,0,4
JaCoCo Coverage Report,Copilot.Knapsack.PromptOnly.T10,KnapsackTest,11,153,0,0,2,14,0,4,0,4
JaCoCo Coverage Report,Copilot.Knapsack.PromptOnly.T10,Knapsack,0,97,0,10,0,10,0,7,0,2
JaCoCo Coverage Report,ChatGPT.BinaryToDecimal.PromptOnly.T3,BinaryToDecimal,0,33,0,4,0,8,0,4,0,2
JaCoCo Coverage Report,ChatGPT.BinaryToDecimal.PromptOnly.T3,BinaryToDecimalTest,9,43,0,0,5,14,0,4,0,4
JaCoCo Coverage Report,Copilot.QuickSort.BookExampleCode.T6,QuickSort,0,88,0,6,0,20,0,8,0,5
JaCoCo Coverage Report,Copilot.QuickSort.BookExampleCode.T6,QuickSortTest,0,120,0,0,0,16,0,4,0,4
JaCoCo Coverage Report,ChatGPT.BinaryToDecimal.PromptOnly.T4,BinaryToDecimalTest,10,33,0,0,6,10,0,4,0,4
JaCoCo Coverage Report,ChatGPT.BinaryToDecimal.PromptOnly.T4,BinaryToDecimal,0,33,0,4,0,8,0,4,0,2
JaCoCo Coverage Report,Copilot.QuickSort.BookExampleCode.T7,QuickSort,0,88,0,6,0,20,0,8,0,5
JaCoCo Coverage Report,Copilot.QuickSort.BookExampleCode.T7,QuickSortTest,0,231,0,0,0,25,0,5,0,5
JaCoCo Coverage Report,Copilot.QuickSort.BookExampleCode.T4,QuickSortTest,0,99,0,0,0,18,0,5,0,5
JaCoCo Coverage Report,Copilot.QuickSort.BookExampleCode.T4,QuickSort,0,88,0,6,0,20,0,8,0,5
JaCoCo Coverage Report,ChatGPT.BinaryToDecimal.PromptOnly.T5,BinaryToDecimalTest,5,37,0,0,2,11,0,4,0,4
JaCoCo Coverage Report,ChatGPT.BinaryToDecimal.PromptOnly.T5,BinaryToDecimal,0,33,0,4,0,8,0,4,0,2
JaCoCo Coverage Report,Copilot.QuickSort.BookExampleCode.T5,QuickSort,0,88,1,5,0,20,1,7,0,5
JaCoCo Coverage Report,Copilot.QuickSort.BookExampleCode.T5,QuickSortTest,7,85,0,0,3,16,0,4,0,4
JaCoCo Coverage Report,ChatGPT.BinaryToDecimal.PromptOnly.T6,BinaryToDecimalTest,0,36,0,0,0,10,0,4,0,4
JaCoCo Coverage Report,ChatGPT.BinaryToDecimal.PromptOnly.T6,BinaryToDecimal,0,33,0,4,0,8,0,4,0,2
JaCoCo Coverage Report,ChatGPT.BinaryToDecimal.PromptOnly.T7,BinaryToDecimalTest,5,37,0,0,2,11,0,4,0,4
JaCoCo Coverage Report,ChatGPT.BinaryToDecimal.PromptOnly.T7,BinaryToDecimal,0,33,0,4,0,8,0,4,0,2
JaCoCo Coverage Report,ChatGPT.BinaryToDecimal.PromptOnly.T8,BinaryToDecimal,0,33,0,4,0,8,0,4,0,2
JaCoCo Coverage Report,ChatGPT.BinaryToDecimal.PromptOnly.T8,BinaryToDecimalTest,0,51,0,0,0,16,0,5,0,5
JaCoCo Coverage Report,ChatGPT.BinaryToDecimal.PromptOnly.T9,BinaryToDecimal,0,33,0,4,0,8,0,4,0,2
JaCoCo Coverage Report,ChatGPT.BinaryToDecimal.PromptOnly.T9,BinaryToDecimalTest,0,51,0,0,0,16,0,5,0,5
JaCoCo Coverage Report,Copilot.QuickSort.BookExampleCode.T8,QuickSort,0,88,0,6,0,20,0,8,0,5
JaCoCo Coverage Report,Copilot.QuickSort.BookExampleCode.T8,QuickSortTest,0,158,0,0,0,19,0,4,0,4
JaCoCo Coverage Report,Copilot.QuickSort.BookExampleCode.T9,QuickSortTest,0,164,0,0,0,14,0,4,0,4
JaCoCo Coverage Report,Copilot.QuickSort.BookExampleCode.T9,QuickSort,0,88,0,6,0,20,0,8,0,5
JaCoCo Coverage Report,Copilot.QuickSort.BookExampleCode.T2,QuickSortTest,0,93,0,0,0,15,0,5,0,5
JaCoCo Coverage Report,Copilot.QuickSort.BookExampleCode.T2,QuickSort,0,88,0,6,0,20,0,8,0,5
JaCoCo Coverage Report,Copilot.QuickSort.BookExampleCode.T3,QuickSort,0,88,0,6,0,20,0,8,0,5
JaCoCo Coverage Report,Copilot.QuickSort.BookExampleCode.T3,QuickSortTest,0,174,0,0,0,15,0,5,0,5
JaCoCo Coverage Report,ChatGPT.BinaryToDecimal.PromptOnly.T1,BinaryToDecimalTest,5,37,0,0,2,11,0,4,0,4
JaCoCo Coverage Report,ChatGPT.BinaryToDecimal.PromptOnly.T1,BinaryToDecimal,0,33,0,4,0,8,0,4,0,2
JaCoCo Coverage Report,ChatGPT.BinaryToDecimal.PromptOnly.T2,BinaryToDecimalTest,0,26,0,0,0,6,0,2,0,2
JaCoCo Coverage Report,ChatGPT.BinaryToDecimal.PromptOnly.T2,BinaryToDecimal,0,33,0,4,0,8,0,4,0,2
JaCoCo Coverage Report,Copilot.QuickSort.BookExampleCode.T1,QuickSortTest,0,186,0,0,0,28,0,4,0,4
JaCoCo Coverage Report,Copilot.QuickSort.BookExampleCode.T1,QuickSort,0,88,0,6,0,20,0,8,0,5
JaCoCo Coverage Report,Copilot.QuickSort.PromptOnly.T7,QuickSortTest,0,174,0,0,0,19,0,4,0,4
JaCoCo Coverage Report,Copilot.QuickSort.PromptOnly.T7,QuickSort,0,88,0,6,0,20,0,8,0,5
JaCoCo Coverage Report,Copilot.QuickSort.PromptOnly.T6,QuickSort,88,0,6,0,20,0,8,0,5,0
JaCoCo Coverage Report,Copilot.QuickSort.PromptOnly.T6,QuickSortTest,0,160,0,0,0,11,0,2,0,2
JaCoCo Coverage Report,Copilot.QuickSort.PromptOnly.T5,QuickSortTest,0,96,0,0,0,16,0,4,0,4
JaCoCo Coverage Report,Copilot.QuickSort.PromptOnly.T5,QuickSort,88,0,6,0,20,0,8,0,5,0
JaCoCo Coverage Report,Copilot.QuickSort.PromptOnly.T4,QuickSort,0,88,0,6,0,20,0,8,0,5
JaCoCo Coverage Report,Copilot.QuickSort.PromptOnly.T4,QuickSortTest,0,294,0,0,0,19,0,4,0,4
JaCoCo Coverage Report,Copilot.QuickSort.PromptOnly.T9,QuickSort,88,0,6,0,20,0,8,0,5,0
JaCoCo Coverage Report,Copilot.QuickSort.PromptOnly.T9,QuickSortTest,0,109,0,0,0,18,0,5,0,5
JaCoCo Coverage Report,Copilot.QuickSort.PromptOnly.T8,QuickSort,0,88,0,6,0,20,0,8,0,5
JaCoCo Coverage Report,Copilot.QuickSort.PromptOnly.T8,QuickSortTest,0,164,0,0,0,14,0,4,0,4
JaCoCo Coverage Report,ChatGPT.QuickSort.BookExampleCode.T1,QuickSort,0,88,0,6,0,20,0,8,0,5
JaCoCo Coverage Report,ChatGPT.QuickSort.BookExampleCode.T1,QuickSortTest,0,134,0,0,0,19,0,4,0,4
JaCoCo Coverage Report,ChatGPT.QuickSort.BookExampleCode.T2,QuickSortTest,0,193,0,0,0,23,0,6,0,6
JaCoCo Coverage Report,ChatGPT.QuickSort.BookExampleCode.T2,QuickSort,0,88,0,6,0,20,0,8,0,5
JaCoCo Coverage Report,Copilot.QuickSort.PromptOnly.T3,QuickSortTest,7,140,0,0,3,13,0,2,0,2
JaCoCo Coverage Report,Copilot.QuickSort.PromptOnly.T3,QuickSort,0,88,0,6,0,20,0,8,0,5
JaCoCo Coverage Report,Copilot.QuickSort.PromptOnly.T2,QuickSort,0,88,0,6,0,20,0,8,0,5
JaCoCo Coverage Report,Copilot.QuickSort.PromptOnly.T2,QuickSortTest,29,37,0,0,2,4,0,2,0,2
JaCoCo Coverage Report,ChatGPT.MergeSort.BookExampleCode.T10,MergeSort,0,99,0,10,0,20,0,9,0,4
JaCoCo Coverage Report,ChatGPT.MergeSort.BookExampleCode.T10,MergeSortTest,0,142,0,0,0,19,0,4,0,4
JaCoCo Coverage Report,Copilot.QuickSort.PromptOnly.T1,QuickSort,0,88,0,6,0,20,0,8,0,5
JaCoCo Coverage Report,Copilot.QuickSort.PromptOnly.T1,QuickSortTest,0,158,0,0,0,12,0,2,0,2
JaCoCo Coverage Report,ChatGPT.DepthFirstSearch.BookExampleCode.T8,DepthFirstSearch.Edge,0,9,0,0,0,4,0,1,0,1
JaCoCo Coverage Report,ChatGPT.DepthFirstSearch.BookExampleCode.T8,DepthFirstSearch,0,100,0,8,0,20,0,6,0,2
JaCoCo Coverage Report,ChatGPT.DepthFirstSearch.BookExampleCode.T8,DepthFirstSearchTest,38,169,0,0,2,22,0,5,0,5
JaCoCo Coverage Report,ChatGPT.QuickSort.PromptOnly.T9,QuickSort,0,88,0,6,0,20,0,8,0,5
JaCoCo Coverage Report,ChatGPT.QuickSort.PromptOnly.T9,QuickSortTest,0,191,0,0,0,25,0,5,0,5
JaCoCo Coverage Report,ChatGPT.DepthFirstSearch.BookExampleCode.T7,DepthFirstSearch.Edge,0,9,0,0,0,4,0,1,0,1
JaCoCo Coverage Report,ChatGPT.DepthFirstSearch.BookExampleCode.T7,DepthFirstSearch,0,100,0,8,0,20,0,6,0,2
JaCoCo Coverage Report,ChatGPT.DepthFirstSearch.BookExampleCode.T7,DepthFirstSearchTest,44,194,0,0,12,13,0,5,0,5
JaCoCo Coverage Report,ChatGPT.DepthFirstSearch.BookExampleCode.T6,DepthFirstSearch,0,100,0,8,0,20,0,6,0,2
JaCoCo Coverage Report,ChatGPT.DepthFirstSearch.BookExampleCode.T6,DepthFirstSearchTest,87,134,0,0,12,6,0,2,0,2
JaCoCo Coverage Report,ChatGPT.DepthFirstSearch.BookExampleCode.T6,DepthFirstSearch.Edge,0,9,0,0,0,4,0,1,0,1
JaCoCo Coverage Report,Copilot.Dijkstra.AIGenerated.T10,DijkstraTest,0,257,0,0,0,25,0,4,0,4
JaCoCo Coverage Report,Copilot.Dijkstra.AIGenerated.T10,Dijkstra.Node,0,9,0,0,0,4,0,1,0,1
JaCoCo Coverage Report,Copilot.Dijkstra.AIGenerated.T10,Dijkstra.Edge,0,12,0,0,0,5,0,1,0,1
JaCoCo Coverage Report,Copilot.Dijkstra.AIGenerated.T10,Dijkstra,0,85,0,8,0,18,0,6,0,2
JaCoCo Coverage Report,Copilot.Dijkstra.AIGenerated.T10,Dijkstra.new Comparator() {...},0,22,0,4,0,6,0,4,0,2
JaCoCo Coverage Report,ChatGPT.DepthFirstSearch.BookExampleCode.T5,DepthFirstSearchTest,6,232,0,0,2,28,0,5,0,5
JaCoCo Coverage Report,ChatGPT.DepthFirstSearch.BookExampleCode.T5,DepthFirstSearch,0,100,0,8,0,20,0,6,0,2
JaCoCo Coverage Report,ChatGPT.DepthFirstSearch.BookExampleCode.T5,DepthFirstSearch.Edge,0,9,0,0,0,4,0,1,0,1
JaCoCo Coverage Report,Copilot.BreadthFirstSearch.PromptOnly.T9,Graph,0,118,0,10,0,25,0,8,0,3
JaCoCo Coverage Report,Copilot.BreadthFirstSearch.PromptOnly.T9,GraphTest,4,183,0,0,2,30,0,4,0,4
JaCoCo Coverage Report,ChatGPT.QuickSort.PromptOnly.T6,QuickSortTest,0,134,0,0,0,19,0,4,0,4
JaCoCo Coverage Report,ChatGPT.QuickSort.PromptOnly.T6,QuickSort,0,88,0,6,0,20,0,8,0,5
JaCoCo Coverage Report,Copilot.BreadthFirstSearch.PromptOnly.T8,Graph,0,118,0,10,0,25,0,8,0,3
JaCoCo Coverage Report,Copilot.BreadthFirstSearch.PromptOnly.T8,GraphTest,4,63,0,0,2,10,0,2,0,2
JaCoCo Coverage Report,Copilot.BreadthFirstSearch.PromptOnly.T7,GraphTest,50,0,2,0,12,0,3,0,2,0
JaCoCo Coverage Report,Copilot.BreadthFirstSearch.PromptOnly.T7,Graph,118,0,10,0,25,0,8,0,3,0
JaCoCo Coverage Report,ChatGPT.QuickSort.PromptOnly.T5,QuickSortTest,0,136,0,0,0,16,0,4,0,4
JaCoCo Coverage Report,ChatGPT.QuickSort.PromptOnly.T5,QuickSort,88,0,6,0,20,0,8,0,5,0
JaCoCo Coverage Report,ChatGPT.QuickSort.PromptOnly.T8,QuickSortTest,0,134,0,0,0,19,0,4,0,4
JaCoCo Coverage Report,ChatGPT.QuickSort.PromptOnly.T8,QuickSort,0,88,0,6,0,20,0,8,0,5
JaCoCo Coverage Report,Copilot.BreadthFirstSearch.PromptOnly.T6,Graph,0,118,1,9,0,25,1,7,0,3
JaCoCo Coverage Report,Copilot.BreadthFirstSearch.PromptOnly.T6,GraphTest,111,68,0,0,21,17,0,5,0,5
JaCoCo Coverage Report,ChatGPT.DepthFirstSearch.BookExampleCode.T9,DepthFirstSearch.Edge,0,9,0,0,0,4,0,1,0,1
JaCoCo Coverage Report,ChatGPT.DepthFirstSearch.BookExampleCode.T9,DepthFirstSearch,0,100,0,8,0,20,0,6,0,2
JaCoCo Coverage Report,ChatGPT.DepthFirstSearch.BookExampleCode.T9,DepthFirstSearchTest,73,181,4,2,6,15,3,4,0,4
JaCoCo Coverage Report,ChatGPT.QuickSort.PromptOnly.T7,QuickSort,88,0,6,0,20,0,8,0,5,0
JaCoCo Coverage Report,ChatGPT.QuickSort.PromptOnly.T7,QuickSortTest,0,128,0,0,0,16,0,4,0,4
JaCoCo Coverage Report,Copilot.BreadthFirstSearch.PromptOnly.T5,GraphTest,8,191,0,0,4,26,0,5,0,5
JaCoCo Coverage Report,Copilot.BreadthFirstSearch.PromptOnly.T5,Graph,0,118,1,9,0,25,1,7,0,3
JaCoCo Coverage Report,ChatGPT.BinarySearch.PromptOnly.T1,BinarySearchTest,0,117,0,0,0,15,0,5,0,5
JaCoCo Coverage Report,ChatGPT.BinarySearch.PromptOnly.T1,BinarySearch,5,40,1,5,0,10,1,4,0,2
JaCoCo Coverage Report,ChatGPT.BinarySearch.PromptOnly.T2,BinarySearchTest,0,121,0,0,0,15,0,5,0,5
JaCoCo Coverage Report,ChatGPT.BinarySearch.PromptOnly.T2,BinarySearch,0,45,0,6,0,10,0,5,0,2
JaCoCo Coverage Report,ChatGPT.BinarySearch.PromptOnly.T5,BinarySearchTest,0,122,0,0,0,13,0,4,0,4
JaCoCo Coverage Report,ChatGPT.BinarySearch.PromptOnly.T5,BinarySearch,5,40,1,5,0,10,1,4,0,2
JaCoCo Coverage Report,ChatGPT.DepthFirstSearch.BookExampleCode.T4,DepthFirstSearchTest,17,219,0,0,5,28,0,5,0,5
JaCoCo Coverage Report,ChatGPT.DepthFirstSearch.BookExampleCode.T4,DepthFirstSearch,0,100,0,8,0,20,0,6,0,2
JaCoCo Coverage Report,ChatGPT.DepthFirstSearch.BookExampleCode.T4,DepthFirstSearch.Edge,0,9,0,0,0,4,0,1,0,1
JaCoCo Coverage Report,ChatGPT.BinarySearch.PromptOnly.T6,BinarySearch,0,45,0,6,0,10,0,5,0,2
JaCoCo Coverage Report,ChatGPT.BinarySearch.PromptOnly.T6,BinarySearchTest,0,85,0,0,0,15,0,5,0,5
JaCoCo Coverage Report,ChatGPT.DepthFirstSearch.BookExampleCode.T3,DepthFirstSearchTest,12,179,0,0,4,15,0,5,0,5
JaCoCo Coverage Report,ChatGPT.DepthFirstSearch.BookExampleCode.T3,DepthFirstSearch.Edge,0,9,0,0,0,4,0,1,0,1
JaCoCo Coverage Report,ChatGPT.DepthFirstSearch.BookExampleCode.T3,DepthFirstSearch,0,100,0,8,0,20,0,6,0,2
JaCoCo Coverage Report,ChatGPT.DepthFirstSearch.BookExampleCode.T2,DepthFirstSearchTest,18,180,0,0,6,28,0,5,0,5
JaCoCo Coverage Report,ChatGPT.DepthFirstSearch.BookExampleCode.T2,DepthFirstSearch,0,100,0,8,0,20,0,6,0,2
JaCoCo Coverage Report,ChatGPT.DepthFirstSearch.BookExampleCode.T2,DepthFirstSearch.Edge,0,9,0,0,0,4,0,1,0,1
JaCoCo Coverage Report,ChatGPT.BinarySearch.PromptOnly.T3,BinarySearch,5,40,1,5,0,10,1,4,0,2
JaCoCo Coverage Report,ChatGPT.BinarySearch.PromptOnly.T3,BinarySearchTest,0,128,0,0,0,16,0,4,0,4
JaCoCo Coverage Report,ChatGPT.DepthFirstSearch.BookExampleCode.T1,DepthFirstSearchTest,43,256,0,0,2,17,0,4,0,4
JaCoCo Coverage Report,ChatGPT.DepthFirstSearch.BookExampleCode.T1,DepthFirstSearch.Edge,0,9,0,0,0,4,0,1,0,1
JaCoCo Coverage Report,ChatGPT.DepthFirstSearch.BookExampleCode.T1,DepthFirstSearch,0,100,0,8,0,20,0,6,0,2
JaCoCo Coverage Report,ChatGPT.BinarySearch.PromptOnly.T4,BinarySearchTest,0,88,0,0,0,16,0,4,0,4
JaCoCo Coverage Report,ChatGPT.BinarySearch.PromptOnly.T4,BinarySearch,5,40,1,5,0,10,1,4,0,2
JaCoCo Coverage Report,ChatGPT.BinarySearch.PromptOnly.T9,BinarySearchTest,0,94,0,0,0,19,0,4,0,4
JaCoCo Coverage Report,ChatGPT.BinarySearch.PromptOnly.T9,BinarySearch,0,45,0,6,0,10,0,5,0,2
JaCoCo Coverage Report,ChatGPT.BinarySearch.PromptOnly.T7,BinarySearchTest,0,92,0,0,0,16,0,4,0,4
JaCoCo Coverage Report,ChatGPT.BinarySearch.PromptOnly.T7,BinarySearch,0,45,0,6,0,10,0,5,0,2
JaCoCo Coverage Report,ChatGPT.BinarySearch.AIGenerated.T1,BinarySearch,0,45,0,6,0,12,0,5,0,2
JaCoCo Coverage Report,ChatGPT.BinarySearch.AIGenerated.T1,BinarySearchTest,0,96,0,0,0,16,0,4,0,4
JaCoCo Coverage Report,ChatGPT.BinarySearch.PromptOnly.T8,BinarySearch,0,45,0,6,0,10,0,5,0,2
JaCoCo Coverage Report,ChatGPT.BinarySearch.PromptOnly.T8,BinarySearchTest,0,82,0,0,0,13,0,4,0,4
JaCoCo Coverage Report,ChatGPT.MergeSort.AIGenerated.T10,MergeSort,0,121,1,15,0,29,1,11,0,4
JaCoCo Coverage Report,ChatGPT.MergeSort.AIGenerated.T10,MergeSortTest,0,185,0,0,0,23,0,6,0,6
JaCoCo Coverage Report,ChatGPT.EgyptianFractions.AIGenerated.T10,EgyptianFractions,0,61,1,5,0,11,1,4,0,2
JaCoCo Coverage Report,ChatGPT.EgyptianFractions.AIGenerated.T10,EgyptianFractionsTest,63,58,4,0,13,7,4,4,2,4
JaCoCo Coverage Report,ChatGPT.QuickSort.BookExampleCode.T9,QuickSortTest,0,134,0,0,0,19,0,4,0,4
JaCoCo Coverage Report,ChatGPT.QuickSort.BookExampleCode.T9,QuickSort,0,88,0,6,0,20,0,8,0,5
JaCoCo Coverage Report,ChatGPT.BinarySearch.AIGenerated.T7,BinarySearch,0,45,0,6,0,12,0,5,0,2
JaCoCo Coverage Report,ChatGPT.BinarySearch.AIGenerated.T7,BinarySearchTest,0,100,0,0,0,16,0,4,0,4
JaCoCo Coverage Report,ChatGPT.BinarySearch.AIGenerated.T6,BinarySearchTest,0,132,0,0,0,16,0,4,0,4
JaCoCo Coverage Report,ChatGPT.BinarySearch.AIGenerated.T6,BinarySearch,0,45,0,6,0,12,0,5,0,2
JaCoCo Coverage Report,ChatGPT.BinarySearch.AIGenerated.T9,BinarySearchTest,0,125,0,0,0,15,0,5,0,5
JaCoCo Coverage Report,ChatGPT.BinarySearch.AIGenerated.T9,BinarySearch,0,45,0,6,0,12,0,5,0,2
JaCoCo Coverage Report,ChatGPT.QuickSort.BookExampleCode.T7,QuickSort,0,88,0,6,0,20,0,8,0,5
JaCoCo Coverage Report,ChatGPT.QuickSort.BookExampleCode.T7,QuickSortTest,0,134,0,0,0,19,0,4,0,4
JaCoCo Coverage Report,ChatGPT.QuickSort.BookExampleCode.T8,QuickSortTest,0,239,0,0,0,25,0,5,0,5
JaCoCo Coverage Report,ChatGPT.QuickSort.BookExampleCode.T8,QuickSort,0,88,0,6,0,20,0,8,0,5
JaCoCo Coverage Report,ChatGPT.BinarySearch.AIGenerated.T8,BinarySearchTest,0,110,0,0,0,19,0,4,0,4
JaCoCo Coverage Report,ChatGPT.BinarySearch.AIGenerated.T8,BinarySearch,4,41,1,5,1,11,1,4,0,2
JaCoCo Coverage Report,ChatGPT.BinarySearch.AIGenerated.T3,BinarySearchTest,0,134,0,0,0,19,0,4,0,4
JaCoCo Coverage Report,ChatGPT.BinarySearch.AIGenerated.T3,BinarySearch,4,41,1,5,1,11,1,4,0,2
JaCoCo Coverage Report,ChatGPT.QuickSort.BookExampleCode.T5,QuickSort,0,88,0,6,0,20,0,8,0,5
JaCoCo Coverage Report,ChatGPT.QuickSort.BookExampleCode.T5,QuickSortTest,0,142,0,0,0,19,0,4,0,4
JaCoCo Coverage Report,ChatGPT.QuickSort.BookExampleCode.T6,QuickSort,0,88,0,6,0,20,0,8,0,5
JaCoCo Coverage Report,ChatGPT.QuickSort.BookExampleCode.T6,QuickSortTest,0,199,0,0,0,21,0,5,0,5
JaCoCo Coverage Report,ChatGPT.BinarySearch.AIGenerated.T2,BinarySearchTest,0,92,0,0,0,16,0,4,0,4
JaCoCo Coverage Report,ChatGPT.BinarySearch.AIGenerated.T2,BinarySearch,0,45,0,6,0,12,0,5,0,2
JaCoCo Coverage Report,ChatGPT.QuickSort.BookExampleCode.T3,QuickSortTest,0,134,0,0,0,19,0,4,0,4
JaCoCo Coverage Report,ChatGPT.QuickSort.BookExampleCode.T3,QuickSort,0,88,0,6,0,20,0,8,0,5
JaCoCo Coverage Report,ChatGPT.BinarySearch.AIGenerated.T5,BinarySearchTest,0,94,0,0,0,19,0,4,0,4
JaCoCo Coverage Report,ChatGPT.BinarySearch.AIGenerated.T5,BinarySearch,0,45,0,6,0,12,0,5,0,2
JaCoCo Coverage Report,ChatGPT.QuickSort.BookExampleCode.T4,QuickSortTest,0,142,0,0,0,19,0,4,0,4
JaCoCo Coverage Report,ChatGPT.QuickSort.BookExampleCode.T4,QuickSort,0,88,0,6,0,20,0,8,0,5
JaCoCo Coverage Report,ChatGPT.BinarySearch.AIGenerated.T4,BinarySearch,0,45,0,6,0,12,0,5,0,2
JaCoCo Coverage Report,ChatGPT.BinarySearch.AIGenerated.T4,BinarySearchTest,0,85,0,0,0,15,0,5,0,5
